Vivado Simulator 2019.2
Copyright 1986-1999, 2001-2019 Xilinx, Inc. All Rights Reserved.
Running: C:/Xilinx/Vivado/2019.2/bin/unwrapped/win64.o/xelab.exe -wto f5a6a3f4415841998c32b7c265604f68 --incr --debug typical --relax --mt 2 -L xil_defaultlib -L secureip --snapshot tb_test_io_vhd_behav xil_defaultlib.tb_test_io_vhd -log elaborate.log 
Using 2 slave threads.
Starting static elaboration
Completed static elaboration
Starting simulation data flow analysis
Completed simulation data flow analysis
Time Resolution for simulation is 1ps
Compiling package std.standard
Compiling package std.textio
Compiling package ieee.std_logic_1164
Compiling package ieee.std_logic_arith
Compiling package ieee.std_logic_unsigned
Compiling package ieee.numeric_std
Compiling package unisim.vcomponents
Compiling package ieee.vital_timing
Compiling package ieee.vital_primitives
Compiling package unisim.vpkg
Compiling architecture obuft_v of entity unisim.OBUFT [\OBUFT(drive=16,slew="FAST")(1,9...]
Compiling architecture ibuf_v of entity unisim.IBUF [\IBUF(1,9)(1,1)(1,4)(1,7)\]
Compiling architecture iobuf_f_16_v of entity unisim.IOBUF_F_16 [iobuf_f_16_default]
Compiling architecture arch_test_io of entity xil_defaultlib.test_io [test_io_default]
Compiling architecture behavior of entity xil_defaultlib.tb_test_io_vhd
Built simulation snapshot tb_test_io_vhd_behav
