

================================================================
== Vivado HLS Report for 'inverter'
================================================================
* Date:           Tue Nov 21 08:07:56 2023

* Version:        2019.2 (Build 2704478 on Wed Nov 06 22:10:23 MST 2019)
* Project:        inverter
* Solution:       solution1
* Product family: zynq
* Target device:  xc7z020-clg484-1


================================================================
== Performance Estimates
================================================================
+ Timing: 
    * Summary: 
    +--------+----------+----------+------------+
    |  Clock |  Target  | Estimated| Uncertainty|
    +--------+----------+----------+------------+
    |ap_clk  | 10.00 ns | 1.248 ns |   1.25 ns  |
    +--------+----------+----------+------------+

+ Latency: 
    * Summary: 
    +---------+---------+-----------+-----------+-----+-----+---------+
    |  Latency (cycles) |   Latency (absolute)  |  Interval | Pipeline|
    |   min   |   max   |    min    |    max    | min | max |   Type  |
    +---------+---------+-----------+-----------+-----+-----+---------+
    |        1|        1| 10.000 ns | 10.000 ns |    1|    1|   none  |
    +---------+---------+-----------+-----------+-----+-----+---------+

    + Detail: 
        * Instance: 
        N/A

        * Loop: 
        N/A



================================================================
== Utilization Estimates
================================================================
* Summary: 
+-----------------+---------+-------+--------+-------+-----+
|       Name      | BRAM_18K| DSP48E|   FF   |  LUT  | URAM|
+-----------------+---------+-------+--------+-------+-----+
|DSP              |        -|      -|       -|      -|    -|
|Expression       |        -|      -|       0|     16|    -|
|FIFO             |        -|      -|       -|      -|    -|
|Instance         |        -|      -|       -|      -|    -|
|Memory           |        -|      -|       -|      -|    -|
|Multiplexer      |        -|      -|       -|     33|    -|
|Register         |        -|      -|       2|      -|    -|
+-----------------+---------+-------+--------+-------+-----+
|Total            |        0|      0|       2|     49|    0|
+-----------------+---------+-------+--------+-------+-----+
|Available        |      280|    220|  106400|  53200|    0|
+-----------------+---------+-------+--------+-------+-----+
|Utilization (%)  |        0|      0|   ~0   |   ~0  |    0|
+-----------------+---------+-------+--------+-------+-----+

+ Detail: 
    * Instance: 
    N/A

    * DSP48E: 
    N/A

    * Memory: 
    N/A

    * FIFO: 
    N/A

    * Expression: 
    +------------------------+----------+-------+---+----+------------+------------+
    |      Variable Name     | Operation| DSP48E| FF| LUT| Bitwidth P0| Bitwidth P1|
    +------------------------+----------+-------+---+----+------------+------------+
    |m_axis_video_TDATA_int  |  select  |      0|  0|   8|           1|           8|
    |xor_ln214_fu_141_p2     |    xor   |      0|  0|   8|           8|           2|
    +------------------------+----------+-------+---+----+------------+------------+
    |Total                   |          |      0|  0|  16|           9|          10|
    +------------------------+----------+-------+---+----+------------+------------+

    * Multiplexer: 
    +--------------------------+----+-----------+-----+-----------+
    |           Name           | LUT| Input Size| Bits| Total Bits|
    +--------------------------+----+-----------+-----+-----------+
    |ap_NS_fsm                 |  15|          3|    1|          3|
    |m_axis_video_TDATA_blk_n  |   9|          2|    1|          2|
    |s_axis_video_TDATA_blk_n  |   9|          2|    1|          2|
    +--------------------------+----+-----------+-----+-----------+
    |Total                     |  33|          7|    3|          7|
    +--------------------------+----+-----------+-----+-----------+

    * Register: 
    +-----------+---+----+-----+-----------+
    |    Name   | FF| LUT| Bits| Const Bits|
    +-----------+---+----+-----+-----------+
    |ap_CS_fsm  |  2|   0|    2|          0|
    +-----------+---+----+-----+-----------+
    |Total      |  2|   0|    2|          0|
    +-----------+---+----+-----+-----------+



================================================================
== Interface
================================================================
* Summary: 
+---------------------+-----+-----+--------------+-----------------------+--------------+
|      RTL Ports      | Dir | Bits|   Protocol   |     Source Object     |    C Type    |
+---------------------+-----+-----+--------------+-----------------------+--------------+
|ap_clk               |  in |    1| ap_ctrl_none |        inverter       | return value |
|ap_rst_n             |  in |    1| ap_ctrl_none |        inverter       | return value |
|s_axis_video_TDATA   |  in |    8|     axis     | s_axis_video_V_data_V |    pointer   |
|s_axis_video_TVALID  |  in |    1|     axis     | s_axis_video_V_dest_V |    pointer   |
|s_axis_video_TREADY  | out |    1|     axis     | s_axis_video_V_dest_V |    pointer   |
|s_axis_video_TDEST   |  in |    1|     axis     | s_axis_video_V_dest_V |    pointer   |
|s_axis_video_TKEEP   |  in |    1|     axis     | s_axis_video_V_keep_V |    pointer   |
|s_axis_video_TSTRB   |  in |    1|     axis     | s_axis_video_V_strb_V |    pointer   |
|s_axis_video_TUSER   |  in |    1|     axis     | s_axis_video_V_user_V |    pointer   |
|s_axis_video_TLAST   |  in |    1|     axis     | s_axis_video_V_last_V |    pointer   |
|s_axis_video_TID     |  in |    1|     axis     |  s_axis_video_V_id_V  |    pointer   |
|m_axis_video_TDATA   | out |    8|     axis     | m_axis_video_V_data_V |    pointer   |
|m_axis_video_TVALID  | out |    1|     axis     | m_axis_video_V_dest_V |    pointer   |
|m_axis_video_TREADY  |  in |    1|     axis     | m_axis_video_V_dest_V |    pointer   |
|m_axis_video_TDEST   | out |    1|     axis     | m_axis_video_V_dest_V |    pointer   |
|m_axis_video_TKEEP   | out |    1|     axis     | m_axis_video_V_keep_V |    pointer   |
|m_axis_video_TSTRB   | out |    1|     axis     | m_axis_video_V_strb_V |    pointer   |
|m_axis_video_TUSER   | out |    1|     axis     | m_axis_video_V_user_V |    pointer   |
|m_axis_video_TLAST   | out |    1|     axis     | m_axis_video_V_last_V |    pointer   |
|m_axis_video_TID     | out |    1|     axis     |  m_axis_video_V_id_V  |    pointer   |
|VidOrig_nVideoInv_V  |  in |    1|    ap_none   |  VidOrig_nVideoInv_V  |    scalar    |
+---------------------+-----+-----+--------------+-----------------------+--------------+

