Copyright 1986-2019 Xilinx, Inc. All Rights Reserved.
-----------------------------------------------------------------------------------------------------------------------------------------------------------------------------------------------------------
| Tool Version : Vivado v.2019.2 (win64) Build 2708876 Wed Nov  6 21:40:23 MST 2019
| Date         : Wed Nov  8 09:48:08 2023
| Host         : gs21-09 running 64-bit major release  (build 9200)
| Command      : report_timing_summary -max_paths 10 -file bd_0_wrapper_timing_summary_routed.rpt -pb bd_0_wrapper_timing_summary_routed.pb -rpx bd_0_wrapper_timing_summary_routed.rpx -warn_on_violation
| Design       : bd_0_wrapper
| Device       : 7vx485t-ffg1157
| Speed File   : -1  PRODUCTION 1.12 2014-09-11
-----------------------------------------------------------------------------------------------------------------------------------------------------------------------------------------------------------

Timing Summary Report

------------------------------------------------------------------------------------------------
| Timer Settings
| --------------
------------------------------------------------------------------------------------------------

  Enable Multi Corner Analysis               :  Yes
  Enable Pessimism Removal                   :  Yes
  Pessimism Removal Resolution               :  Nearest Common Node
  Enable Input Delay Default Clock           :  No
  Enable Preset / Clear Arcs                 :  No
  Disable Flight Delays                      :  No
  Ignore I/O Paths                           :  No
  Timing Early Launch at Borrowing Latches   :  No
  Borrow Time for Max Delay Exceptions       :  Yes
  Merge Timing Exceptions                    :  Yes

  Corner  Analyze    Analyze    
  Name    Max Paths  Min Paths  
  ------  ---------  ---------  
  Slow    Yes        Yes        
  Fast    Yes        Yes        



check_timing report

Table of Contents
-----------------
1. checking no_clock
2. checking constant_clock
3. checking pulse_width_clock
4. checking unconstrained_internal_endpoints
5. checking no_input_delay
6. checking no_output_delay
7. checking multiple_clock
8. checking generated_clocks
9. checking loops
10. checking partial_input_delay
11. checking partial_output_delay
12. checking latch_loops

1. checking no_clock
--------------------
 There are 0 register/latch pins with no clock.


2. checking constant_clock
--------------------------
 There are 0 register/latch pins with constant_clock.


3. checking pulse_width_clock
-----------------------------
 There are 0 register/latch pins which need pulse_width check


4. checking unconstrained_internal_endpoints
--------------------------------------------
 There are 0 pins that are not constrained for maximum delay.

 There are 0 pins that are not constrained for maximum delay due to constant clock.


5. checking no_input_delay
--------------------------
 There are 19 input ports with no input delay specified. (HIGH)

 There are 0 input ports with no input delay but user has a false path constraint.


6. checking no_output_delay
---------------------------
 There are 19 ports with no output delay specified. (HIGH)

 There are 0 ports with no output delay but user has a false path constraint

 There are 0 ports with no output delay but with a timing clock defined on it or propagating through it


7. checking multiple_clock
--------------------------
 There are 0 register/latch pins with multiple clocks.


8. checking generated_clocks
----------------------------
 There are 0 generated clocks that are not connected to a clock source.


9. checking loops
-----------------
 There are 0 combinational loops in the design.


10. checking partial_input_delay
--------------------------------
 There are 0 input ports with partial input delay specified.


11. checking partial_output_delay
---------------------------------
 There are 0 ports with partial output delay specified.


12. checking latch_loops
------------------------
 There are 0 combinational latch loops in the design through latch input



------------------------------------------------------------------------------------------------
| Design Timing Summary
| ---------------------
------------------------------------------------------------------------------------------------

    WNS(ns)      TNS(ns)  TNS Failing Endpoints  TNS Total Endpoints      WHS(ns)      THS(ns)  THS Failing Endpoints  THS Total Endpoints     WPWS(ns)     TPWS(ns)  TPWS Failing Endpoints  TPWS Total Endpoints  
    -------      -------  ---------------------  -------------------      -------      -------  ---------------------  -------------------     --------     --------  ----------------------  --------------------  
      7.069        0.000                      0                  133        0.092        0.000                      0                  133        4.600        0.000                       0                    88  


All user specified timing constraints are met.


------------------------------------------------------------------------------------------------
| Clock Summary
| -------------
------------------------------------------------------------------------------------------------

Clock   Waveform(ns)       Period(ns)      Frequency(MHz)
-----   ------------       ----------      --------------
ap_clk  {0.000 5.000}      10.000          100.000         


------------------------------------------------------------------------------------------------
| Intra Clock Table
| -----------------
------------------------------------------------------------------------------------------------

Clock             WNS(ns)      TNS(ns)  TNS Failing Endpoints  TNS Total Endpoints      WHS(ns)      THS(ns)  THS Failing Endpoints  THS Total Endpoints     WPWS(ns)     TPWS(ns)  TPWS Failing Endpoints  TPWS Total Endpoints  
-----             -------      -------  ---------------------  -------------------      -------      -------  ---------------------  -------------------     --------     --------  ----------------------  --------------------  
ap_clk              7.069        0.000                      0                  133        0.092        0.000                      0                  133        4.600        0.000                       0                    88  


------------------------------------------------------------------------------------------------
| Inter Clock Table
| -----------------
------------------------------------------------------------------------------------------------

From Clock    To Clock          WNS(ns)      TNS(ns)  TNS Failing Endpoints  TNS Total Endpoints      WHS(ns)      THS(ns)  THS Failing Endpoints  THS Total Endpoints  
----------    --------          -------      -------  ---------------------  -------------------      -------      -------  ---------------------  -------------------  


------------------------------------------------------------------------------------------------
| Other Path Groups Table
| -----------------------
------------------------------------------------------------------------------------------------

Path Group    From Clock    To Clock          WNS(ns)      TNS(ns)  TNS Failing Endpoints  TNS Total Endpoints      WHS(ns)      THS(ns)  THS Failing Endpoints  THS Total Endpoints  
----------    ----------    --------          -------      -------  ---------------------  -------------------      -------      -------  ---------------------  -------------------  


------------------------------------------------------------------------------------------------
| Timing Details
| --------------
------------------------------------------------------------------------------------------------


---------------------------------------------------------------------------------------------------
From Clock:  ap_clk
  To Clock:  ap_clk

Setup :            0  Failing Endpoints,  Worst Slack        7.069ns,  Total Violation        0.000ns
Hold  :            0  Failing Endpoints,  Worst Slack        0.092ns,  Total Violation        0.000ns
PW    :            0  Failing Endpoints,  Worst Slack        4.600ns,  Total Violation        0.000ns
---------------------------------------------------------------------------------------------------


Max Delay Paths
--------------------------------------------------------------------------------------
Slack (MET) :             7.069ns  (required time - arrival time)
  Source:                 bd_0_i/hls_inst/U0/regslice_both_s_axis_video_V_data_V_U/obuf_inst/odata_int_reg[8]/C
                            (rising edge-triggered cell FDRE clocked by ap_clk  {rise@0.000ns fall@5.000ns period=10.000ns})
  Destination:            bd_0_i/hls_inst/U0/regslice_both_m_axis_video_V_last_V_U/obuf_inst/odata_int_reg[1]/D
                            (rising edge-triggered cell FDRE clocked by ap_clk  {rise@0.000ns fall@5.000ns period=10.000ns})
  Path Group:             ap_clk
  Path Type:              Setup (Max at Slow Process Corner)
  Requirement:            10.000ns  (ap_clk rise@10.000ns - ap_clk rise@0.000ns)
  Data Path Delay:        2.741ns  (logic 0.469ns (17.111%)  route 2.272ns (82.889%))
  Logic Levels:           2  (LUT4=1 LUT5=1)
  Clock Path Skew:        -0.034ns (DCD - SCD + CPR)
    Destination Clock Delay (DCD):    0.638ns = ( 10.638 - 10.000 ) 
    Source Clock Delay      (SCD):    0.672ns
    Clock Pessimism Removal (CPR):    0.000ns
  Clock Uncertainty:      0.035ns  ((TSJ^2 + TIJ^2)^1/2 + DJ) / 2 + PE
    Total System Jitter     (TSJ):    0.071ns
    Total Input Jitter      (TIJ):    0.000ns
    Discrete Jitter          (DJ):    0.000ns
    Phase Error              (PE):    0.000ns

    Location             Delay type                Incr(ns)  Path(ns)    Netlist Resource(s)
  -------------------------------------------------------------------    -------------------
                         (clock ap_clk rise edge)     0.000     0.000 r  
                                                      0.000     0.000 r  ap_clk (IN)
                         net (fo=87, unset)           0.672     0.672    bd_0_i/hls_inst/U0/regslice_both_s_axis_video_V_data_V_U/obuf_inst/ap_clk
    SLICE_X53Y87         FDRE                                         r  bd_0_i/hls_inst/U0/regslice_both_s_axis_video_V_data_V_U/obuf_inst/odata_int_reg[8]/C
  -------------------------------------------------------------------    -------------------
    SLICE_X53Y87         FDRE (Prop_fdre_C_Q)         0.246     0.918 r  bd_0_i/hls_inst/U0/regslice_both_s_axis_video_V_data_V_U/obuf_inst/odata_int_reg[8]/Q
                         net (fo=13, routed)          0.595     1.513    bd_0_i/hls_inst/U0/regslice_both_s_axis_video_V_data_V_U/obuf_inst/odata_int_reg[8]_0[7]
    SLICE_X52Y86         LUT5 (Prop_lut5_I2_O)        0.158     1.671 r  bd_0_i/hls_inst/U0/regslice_both_s_axis_video_V_data_V_U/obuf_inst/ireg[8]_i_3/O
                         net (fo=33, routed)          1.247     2.918    bd_0_i/hls_inst/U0/regslice_both_m_axis_video_V_last_V_U/obuf_inst/vld_in
    SLICE_X48Y82         LUT4 (Prop_lut4_I0_O)        0.065     2.983 r  bd_0_i/hls_inst/U0/regslice_both_m_axis_video_V_last_V_U/obuf_inst/odata_int[1]_i_1/O
                         net (fo=1, routed)           0.430     3.413    bd_0_i/hls_inst/U0/regslice_both_m_axis_video_V_last_V_U/obuf_inst/odata_int[1]_i_1_n_0
    SLICE_X48Y82         FDRE                                         r  bd_0_i/hls_inst/U0/regslice_both_m_axis_video_V_last_V_U/obuf_inst/odata_int_reg[1]/D
  -------------------------------------------------------------------    -------------------

                         (clock ap_clk rise edge)    10.000    10.000 r  
                                                      0.000    10.000 r  ap_clk (IN)
                         net (fo=87, unset)           0.638    10.638    bd_0_i/hls_inst/U0/regslice_both_m_axis_video_V_last_V_U/obuf_inst/ap_clk
    SLICE_X48Y82         FDRE                                         r  bd_0_i/hls_inst/U0/regslice_both_m_axis_video_V_last_V_U/obuf_inst/odata_int_reg[1]/C
                         clock pessimism              0.000    10.638    
                         clock uncertainty           -0.035    10.603    
    SLICE_X48Y82         FDRE (Setup_fdre_C_D)       -0.121    10.482    bd_0_i/hls_inst/U0/regslice_both_m_axis_video_V_last_V_U/obuf_inst/odata_int_reg[1]
  -------------------------------------------------------------------
                         required time                         10.482    
                         arrival time                          -3.413    
  -------------------------------------------------------------------
                         slack                                  7.069    

Slack (MET) :             7.240ns  (required time - arrival time)
  Source:                 bd_0_i/hls_inst/U0/regslice_both_s_axis_video_V_data_V_U/obuf_inst/odata_int_reg[8]/C
                            (rising edge-triggered cell FDRE clocked by ap_clk  {rise@0.000ns fall@5.000ns period=10.000ns})
  Destination:            bd_0_i/hls_inst/U0/regslice_both_m_axis_video_V_strb_V_U/obuf_inst/odata_int_reg[1]/D
                            (rising edge-triggered cell FDRE clocked by ap_clk  {rise@0.000ns fall@5.000ns period=10.000ns})
  Path Group:             ap_clk
  Path Type:              Setup (Max at Slow Process Corner)
  Requirement:            10.000ns  (ap_clk rise@10.000ns - ap_clk rise@0.000ns)
  Data Path Delay:        2.555ns  (logic 0.472ns (18.476%)  route 2.083ns (81.524%))
  Logic Levels:           2  (LUT4=1 LUT5=1)
  Clock Path Skew:        -0.034ns (DCD - SCD + CPR)
    Destination Clock Delay (DCD):    0.638ns = ( 10.638 - 10.000 ) 
    Source Clock Delay      (SCD):    0.672ns
    Clock Pessimism Removal (CPR):    0.000ns
  Clock Uncertainty:      0.035ns  ((TSJ^2 + TIJ^2)^1/2 + DJ) / 2 + PE
    Total System Jitter     (TSJ):    0.071ns
    Total Input Jitter      (TIJ):    0.000ns
    Discrete Jitter          (DJ):    0.000ns
    Phase Error              (PE):    0.000ns

    Location             Delay type                Incr(ns)  Path(ns)    Netlist Resource(s)
  -------------------------------------------------------------------    -------------------
                         (clock ap_clk rise edge)     0.000     0.000 r  
                                                      0.000     0.000 r  ap_clk (IN)
                         net (fo=87, unset)           0.672     0.672    bd_0_i/hls_inst/U0/regslice_both_s_axis_video_V_data_V_U/obuf_inst/ap_clk
    SLICE_X53Y87         FDRE                                         r  bd_0_i/hls_inst/U0/regslice_both_s_axis_video_V_data_V_U/obuf_inst/odata_int_reg[8]/C
  -------------------------------------------------------------------    -------------------
    SLICE_X53Y87         FDRE (Prop_fdre_C_Q)         0.246     0.918 r  bd_0_i/hls_inst/U0/regslice_both_s_axis_video_V_data_V_U/obuf_inst/odata_int_reg[8]/Q
                         net (fo=13, routed)          0.595     1.513    bd_0_i/hls_inst/U0/regslice_both_s_axis_video_V_data_V_U/obuf_inst/odata_int_reg[8]_0[7]
    SLICE_X52Y86         LUT5 (Prop_lut5_I2_O)        0.158     1.671 r  bd_0_i/hls_inst/U0/regslice_both_s_axis_video_V_data_V_U/obuf_inst/ireg[8]_i_3/O
                         net (fo=33, routed)          1.117     2.788    bd_0_i/hls_inst/U0/regslice_both_m_axis_video_V_strb_V_U/obuf_inst/vld_in
    SLICE_X51Y82         LUT4 (Prop_lut4_I0_O)        0.068     2.856 r  bd_0_i/hls_inst/U0/regslice_both_m_axis_video_V_strb_V_U/obuf_inst/odata_int[1]_i_1/O
                         net (fo=1, routed)           0.371     3.227    bd_0_i/hls_inst/U0/regslice_both_m_axis_video_V_strb_V_U/obuf_inst/odata_int[1]_i_1_n_0
    SLICE_X51Y82         FDRE                                         r  bd_0_i/hls_inst/U0/regslice_both_m_axis_video_V_strb_V_U/obuf_inst/odata_int_reg[1]/D
  -------------------------------------------------------------------    -------------------

                         (clock ap_clk rise edge)    10.000    10.000 r  
                                                      0.000    10.000 r  ap_clk (IN)
                         net (fo=87, unset)           0.638    10.638    bd_0_i/hls_inst/U0/regslice_both_m_axis_video_V_strb_V_U/obuf_inst/ap_clk
    SLICE_X51Y82         FDRE                                         r  bd_0_i/hls_inst/U0/regslice_both_m_axis_video_V_strb_V_U/obuf_inst/odata_int_reg[1]/C
                         clock pessimism              0.000    10.638    
                         clock uncertainty           -0.035    10.603    
    SLICE_X51Y82         FDRE (Setup_fdre_C_D)       -0.136    10.467    bd_0_i/hls_inst/U0/regslice_both_m_axis_video_V_strb_V_U/obuf_inst/odata_int_reg[1]
  -------------------------------------------------------------------
                         required time                         10.467    
                         arrival time                          -3.227    
  -------------------------------------------------------------------
                         slack                                  7.240    

Slack (MET) :             7.613ns  (required time - arrival time)
  Source:                 bd_0_i/hls_inst/U0/regslice_both_s_axis_video_V_data_V_U/obuf_inst/odata_int_reg[8]/C
                            (rising edge-triggered cell FDRE clocked by ap_clk  {rise@0.000ns fall@5.000ns period=10.000ns})
  Destination:            bd_0_i/hls_inst/U0/regslice_both_m_axis_video_V_user_V_U/obuf_inst/odata_int_reg[1]/D
                            (rising edge-triggered cell FDRE clocked by ap_clk  {rise@0.000ns fall@5.000ns period=10.000ns})
  Path Group:             ap_clk
  Path Type:              Setup (Max at Slow Process Corner)
  Requirement:            10.000ns  (ap_clk rise@10.000ns - ap_clk rise@0.000ns)
  Data Path Delay:        2.201ns  (logic 0.472ns (21.442%)  route 1.729ns (78.558%))
  Logic Levels:           2  (LUT4=1 LUT5=1)
  Clock Path Skew:        -0.034ns (DCD - SCD + CPR)
    Destination Clock Delay (DCD):    0.638ns = ( 10.638 - 10.000 ) 
    Source Clock Delay      (SCD):    0.672ns
    Clock Pessimism Removal (CPR):    0.000ns
  Clock Uncertainty:      0.035ns  ((TSJ^2 + TIJ^2)^1/2 + DJ) / 2 + PE
    Total System Jitter     (TSJ):    0.071ns
    Total Input Jitter      (TIJ):    0.000ns
    Discrete Jitter          (DJ):    0.000ns
    Phase Error              (PE):    0.000ns

    Location             Delay type                Incr(ns)  Path(ns)    Netlist Resource(s)
  -------------------------------------------------------------------    -------------------
                         (clock ap_clk rise edge)     0.000     0.000 r  
                                                      0.000     0.000 r  ap_clk (IN)
                         net (fo=87, unset)           0.672     0.672    bd_0_i/hls_inst/U0/regslice_both_s_axis_video_V_data_V_U/obuf_inst/ap_clk
    SLICE_X53Y87         FDRE                                         r  bd_0_i/hls_inst/U0/regslice_both_s_axis_video_V_data_V_U/obuf_inst/odata_int_reg[8]/C
  -------------------------------------------------------------------    -------------------
    SLICE_X53Y87         FDRE (Prop_fdre_C_Q)         0.246     0.918 r  bd_0_i/hls_inst/U0/regslice_both_s_axis_video_V_data_V_U/obuf_inst/odata_int_reg[8]/Q
                         net (fo=13, routed)          0.595     1.513    bd_0_i/hls_inst/U0/regslice_both_s_axis_video_V_data_V_U/obuf_inst/odata_int_reg[8]_0[7]
    SLICE_X52Y86         LUT5 (Prop_lut5_I2_O)        0.158     1.671 r  bd_0_i/hls_inst/U0/regslice_both_s_axis_video_V_data_V_U/obuf_inst/ireg[8]_i_3/O
                         net (fo=33, routed)          0.886     2.557    bd_0_i/hls_inst/U0/regslice_both_m_axis_video_V_user_V_U/obuf_inst/vld_in
    SLICE_X52Y82         LUT4 (Prop_lut4_I0_O)        0.068     2.625 r  bd_0_i/hls_inst/U0/regslice_both_m_axis_video_V_user_V_U/obuf_inst/odata_int[1]_i_1/O
                         net (fo=1, routed)           0.248     2.873    bd_0_i/hls_inst/U0/regslice_both_m_axis_video_V_user_V_U/obuf_inst/odata_int[1]_i_1_n_0
    SLICE_X52Y82         FDRE                                         r  bd_0_i/hls_inst/U0/regslice_both_m_axis_video_V_user_V_U/obuf_inst/odata_int_reg[1]/D
  -------------------------------------------------------------------    -------------------

                         (clock ap_clk rise edge)    10.000    10.000 r  
                                                      0.000    10.000 r  ap_clk (IN)
                         net (fo=87, unset)           0.638    10.638    bd_0_i/hls_inst/U0/regslice_both_m_axis_video_V_user_V_U/obuf_inst/ap_clk
    SLICE_X52Y82         FDRE                                         r  bd_0_i/hls_inst/U0/regslice_both_m_axis_video_V_user_V_U/obuf_inst/odata_int_reg[1]/C
                         clock pessimism              0.000    10.638    
                         clock uncertainty           -0.035    10.603    
    SLICE_X52Y82         FDRE (Setup_fdre_C_D)       -0.117    10.486    bd_0_i/hls_inst/U0/regslice_both_m_axis_video_V_user_V_U/obuf_inst/odata_int_reg[1]
  -------------------------------------------------------------------
                         required time                         10.486    
                         arrival time                          -2.873    
  -------------------------------------------------------------------
                         slack                                  7.613    

Slack (MET) :             7.639ns  (required time - arrival time)
  Source:                 bd_0_i/hls_inst/U0/regslice_both_s_axis_video_V_data_V_U/obuf_inst/odata_int_reg[8]/C
                            (rising edge-triggered cell FDRE clocked by ap_clk  {rise@0.000ns fall@5.000ns period=10.000ns})
  Destination:            bd_0_i/hls_inst/U0/regslice_both_m_axis_video_V_keep_V_U/obuf_inst/odata_int_reg[1]/D
                            (rising edge-triggered cell FDRE clocked by ap_clk  {rise@0.000ns fall@5.000ns period=10.000ns})
  Path Group:             ap_clk
  Path Type:              Setup (Max at Slow Process Corner)
  Requirement:            10.000ns  (ap_clk rise@10.000ns - ap_clk rise@0.000ns)
  Data Path Delay:        2.159ns  (logic 0.469ns (21.727%)  route 1.690ns (78.273%))
  Logic Levels:           2  (LUT4=1 LUT5=1)
  Clock Path Skew:        -0.034ns (DCD - SCD + CPR)
    Destination Clock Delay (DCD):    0.638ns = ( 10.638 - 10.000 ) 
    Source Clock Delay      (SCD):    0.672ns
    Clock Pessimism Removal (CPR):    0.000ns
  Clock Uncertainty:      0.035ns  ((TSJ^2 + TIJ^2)^1/2 + DJ) / 2 + PE
    Total System Jitter     (TSJ):    0.071ns
    Total Input Jitter      (TIJ):    0.000ns
    Discrete Jitter          (DJ):    0.000ns
    Phase Error              (PE):    0.000ns

    Location             Delay type                Incr(ns)  Path(ns)    Netlist Resource(s)
  -------------------------------------------------------------------    -------------------
                         (clock ap_clk rise edge)     0.000     0.000 r  
                                                      0.000     0.000 r  ap_clk (IN)
                         net (fo=87, unset)           0.672     0.672    bd_0_i/hls_inst/U0/regslice_both_s_axis_video_V_data_V_U/obuf_inst/ap_clk
    SLICE_X53Y87         FDRE                                         r  bd_0_i/hls_inst/U0/regslice_both_s_axis_video_V_data_V_U/obuf_inst/odata_int_reg[8]/C
  -------------------------------------------------------------------    -------------------
    SLICE_X53Y87         FDRE (Prop_fdre_C_Q)         0.246     0.918 r  bd_0_i/hls_inst/U0/regslice_both_s_axis_video_V_data_V_U/obuf_inst/odata_int_reg[8]/Q
                         net (fo=13, routed)          0.595     1.513    bd_0_i/hls_inst/U0/regslice_both_s_axis_video_V_data_V_U/obuf_inst/odata_int_reg[8]_0[7]
    SLICE_X52Y86         LUT5 (Prop_lut5_I2_O)        0.158     1.671 r  bd_0_i/hls_inst/U0/regslice_both_s_axis_video_V_data_V_U/obuf_inst/ireg[8]_i_3/O
                         net (fo=33, routed)          0.632     2.303    bd_0_i/hls_inst/U0/regslice_both_m_axis_video_V_keep_V_U/obuf_inst/vld_in
    SLICE_X48Y85         LUT4 (Prop_lut4_I0_O)        0.065     2.368 r  bd_0_i/hls_inst/U0/regslice_both_m_axis_video_V_keep_V_U/obuf_inst/odata_int[1]_i_1/O
                         net (fo=1, routed)           0.463     2.831    bd_0_i/hls_inst/U0/regslice_both_m_axis_video_V_keep_V_U/obuf_inst/odata_int[1]_i_1_n_0
    SLICE_X48Y85         FDRE                                         r  bd_0_i/hls_inst/U0/regslice_both_m_axis_video_V_keep_V_U/obuf_inst/odata_int_reg[1]/D
  -------------------------------------------------------------------    -------------------

                         (clock ap_clk rise edge)    10.000    10.000 r  
                                                      0.000    10.000 r  ap_clk (IN)
                         net (fo=87, unset)           0.638    10.638    bd_0_i/hls_inst/U0/regslice_both_m_axis_video_V_keep_V_U/obuf_inst/ap_clk
    SLICE_X48Y85         FDRE                                         r  bd_0_i/hls_inst/U0/regslice_both_m_axis_video_V_keep_V_U/obuf_inst/odata_int_reg[1]/C
                         clock pessimism              0.000    10.638    
                         clock uncertainty           -0.035    10.603    
    SLICE_X48Y85         FDRE (Setup_fdre_C_D)       -0.133    10.470    bd_0_i/hls_inst/U0/regslice_both_m_axis_video_V_keep_V_U/obuf_inst/odata_int_reg[1]
  -------------------------------------------------------------------
                         required time                         10.470    
                         arrival time                          -2.831    
  -------------------------------------------------------------------
                         slack                                  7.639    

Slack (MET) :             7.681ns  (required time - arrival time)
  Source:                 bd_0_i/hls_inst/U0/regslice_both_s_axis_video_V_data_V_U/obuf_inst/odata_int_reg[8]/C
                            (rising edge-triggered cell FDRE clocked by ap_clk  {rise@0.000ns fall@5.000ns period=10.000ns})
  Destination:            bd_0_i/hls_inst/U0/regslice_both_s_axis_video_V_strb_V_U/ibuf_inst/ireg_reg[0]/D
                            (rising edge-triggered cell FDRE clocked by ap_clk  {rise@0.000ns fall@5.000ns period=10.000ns})
  Path Group:             ap_clk
  Path Type:              Setup (Max at Slow Process Corner)
  Requirement:            10.000ns  (ap_clk rise@10.000ns - ap_clk rise@0.000ns)
  Data Path Delay:        2.323ns  (logic 0.457ns (19.675%)  route 1.866ns (80.325%))
  Logic Levels:           2  (LUT5=1 LUT6=1)
  Clock Path Skew:        -0.034ns (DCD - SCD + CPR)
    Destination Clock Delay (DCD):    0.638ns = ( 10.638 - 10.000 ) 
    Source Clock Delay      (SCD):    0.672ns
    Clock Pessimism Removal (CPR):    0.000ns
  Clock Uncertainty:      0.035ns  ((TSJ^2 + TIJ^2)^1/2 + DJ) / 2 + PE
    Total System Jitter     (TSJ):    0.071ns
    Total Input Jitter      (TIJ):    0.000ns
    Discrete Jitter          (DJ):    0.000ns
    Phase Error              (PE):    0.000ns

    Location             Delay type                Incr(ns)  Path(ns)    Netlist Resource(s)
  -------------------------------------------------------------------    -------------------
                         (clock ap_clk rise edge)     0.000     0.000 r  
                                                      0.000     0.000 r  ap_clk (IN)
                         net (fo=87, unset)           0.672     0.672    bd_0_i/hls_inst/U0/regslice_both_s_axis_video_V_data_V_U/obuf_inst/ap_clk
    SLICE_X53Y87         FDRE                                         r  bd_0_i/hls_inst/U0/regslice_both_s_axis_video_V_data_V_U/obuf_inst/odata_int_reg[8]/C
  -------------------------------------------------------------------    -------------------
    SLICE_X53Y87         FDRE (Prop_fdre_C_Q)         0.246     0.918 r  bd_0_i/hls_inst/U0/regslice_both_s_axis_video_V_data_V_U/obuf_inst/odata_int_reg[8]/Q
                         net (fo=13, routed)          0.595     1.513    bd_0_i/hls_inst/U0/regslice_both_s_axis_video_V_data_V_U/obuf_inst/odata_int_reg[8]_0[7]
    SLICE_X52Y86         LUT5 (Prop_lut5_I2_O)        0.158     1.671 r  bd_0_i/hls_inst/U0/regslice_both_s_axis_video_V_data_V_U/obuf_inst/ireg[8]_i_3/O
                         net (fo=33, routed)          1.271     2.942    bd_0_i/hls_inst/U0/regslice_both_s_axis_video_V_strb_V_U/ibuf_inst/vld_in
    SLICE_X50Y82         LUT6 (Prop_lut6_I4_O)        0.053     2.995 r  bd_0_i/hls_inst/U0/regslice_both_s_axis_video_V_strb_V_U/ibuf_inst/ireg[0]_i_1/O
                         net (fo=1, routed)           0.000     2.995    bd_0_i/hls_inst/U0/regslice_both_s_axis_video_V_strb_V_U/ibuf_inst/ireg[0]_i_1_n_0
    SLICE_X50Y82         FDRE                                         r  bd_0_i/hls_inst/U0/regslice_both_s_axis_video_V_strb_V_U/ibuf_inst/ireg_reg[0]/D
  -------------------------------------------------------------------    -------------------

                         (clock ap_clk rise edge)    10.000    10.000 r  
                                                      0.000    10.000 r  ap_clk (IN)
                         net (fo=87, unset)           0.638    10.638    bd_0_i/hls_inst/U0/regslice_both_s_axis_video_V_strb_V_U/ibuf_inst/ap_clk
    SLICE_X50Y82         FDRE                                         r  bd_0_i/hls_inst/U0/regslice_both_s_axis_video_V_strb_V_U/ibuf_inst/ireg_reg[0]/C
                         clock pessimism              0.000    10.638    
                         clock uncertainty           -0.035    10.603    
    SLICE_X50Y82         FDRE (Setup_fdre_C_D)        0.073    10.676    bd_0_i/hls_inst/U0/regslice_both_s_axis_video_V_strb_V_U/ibuf_inst/ireg_reg[0]
  -------------------------------------------------------------------
                         required time                         10.676    
                         arrival time                          -2.995    
  -------------------------------------------------------------------
                         slack                                  7.681    

Slack (MET) :             7.727ns  (required time - arrival time)
  Source:                 bd_0_i/hls_inst/U0/regslice_both_s_axis_video_V_data_V_U/obuf_inst/odata_int_reg[8]/C
                            (rising edge-triggered cell FDRE clocked by ap_clk  {rise@0.000ns fall@5.000ns period=10.000ns})
  Destination:            bd_0_i/hls_inst/U0/regslice_both_m_axis_video_V_dest_V_U/obuf_inst/odata_int_reg[1]/D
                            (rising edge-triggered cell FDRE clocked by ap_clk  {rise@0.000ns fall@5.000ns period=10.000ns})
  Path Group:             ap_clk
  Path Type:              Setup (Max at Slow Process Corner)
  Requirement:            10.000ns  (ap_clk rise@10.000ns - ap_clk rise@0.000ns)
  Data Path Delay:        2.275ns  (logic 0.457ns (20.088%)  route 1.818ns (79.912%))
  Logic Levels:           2  (LUT4=1 LUT5=1)
  Clock Path Skew:        -0.034ns (DCD - SCD + CPR)
    Destination Clock Delay (DCD):    0.638ns = ( 10.638 - 10.000 ) 
    Source Clock Delay      (SCD):    0.672ns
    Clock Pessimism Removal (CPR):    0.000ns
  Clock Uncertainty:      0.035ns  ((TSJ^2 + TIJ^2)^1/2 + DJ) / 2 + PE
    Total System Jitter     (TSJ):    0.071ns
    Total Input Jitter      (TIJ):    0.000ns
    Discrete Jitter          (DJ):    0.000ns
    Phase Error              (PE):    0.000ns

    Location             Delay type                Incr(ns)  Path(ns)    Netlist Resource(s)
  -------------------------------------------------------------------    -------------------
                         (clock ap_clk rise edge)     0.000     0.000 r  
                                                      0.000     0.000 r  ap_clk (IN)
                         net (fo=87, unset)           0.672     0.672    bd_0_i/hls_inst/U0/regslice_both_s_axis_video_V_data_V_U/obuf_inst/ap_clk
    SLICE_X53Y87         FDRE                                         r  bd_0_i/hls_inst/U0/regslice_both_s_axis_video_V_data_V_U/obuf_inst/odata_int_reg[8]/C
  -------------------------------------------------------------------    -------------------
    SLICE_X53Y87         FDRE (Prop_fdre_C_Q)         0.246     0.918 r  bd_0_i/hls_inst/U0/regslice_both_s_axis_video_V_data_V_U/obuf_inst/odata_int_reg[8]/Q
                         net (fo=13, routed)          0.595     1.513    bd_0_i/hls_inst/U0/regslice_both_s_axis_video_V_data_V_U/obuf_inst/odata_int_reg[8]_0[7]
    SLICE_X52Y86         LUT5 (Prop_lut5_I2_O)        0.158     1.671 r  bd_0_i/hls_inst/U0/regslice_both_s_axis_video_V_data_V_U/obuf_inst/ireg[8]_i_3/O
                         net (fo=33, routed)          1.223     2.894    bd_0_i/hls_inst/U0/regslice_both_m_axis_video_V_dest_V_U/obuf_inst/vld_in
    SLICE_X48Y82         LUT4 (Prop_lut4_I0_O)        0.053     2.947 r  bd_0_i/hls_inst/U0/regslice_both_m_axis_video_V_dest_V_U/obuf_inst/odata_int[1]_i_1/O
                         net (fo=1, routed)           0.000     2.947    bd_0_i/hls_inst/U0/regslice_both_m_axis_video_V_dest_V_U/obuf_inst/odata_int[1]_i_1_n_0
    SLICE_X48Y82         FDRE                                         r  bd_0_i/hls_inst/U0/regslice_both_m_axis_video_V_dest_V_U/obuf_inst/odata_int_reg[1]/D
  -------------------------------------------------------------------    -------------------

                         (clock ap_clk rise edge)    10.000    10.000 r  
                                                      0.000    10.000 r  ap_clk (IN)
                         net (fo=87, unset)           0.638    10.638    bd_0_i/hls_inst/U0/regslice_both_m_axis_video_V_dest_V_U/obuf_inst/ap_clk
    SLICE_X48Y82         FDRE                                         r  bd_0_i/hls_inst/U0/regslice_both_m_axis_video_V_dest_V_U/obuf_inst/odata_int_reg[1]/C
                         clock pessimism              0.000    10.638    
                         clock uncertainty           -0.035    10.603    
    SLICE_X48Y82         FDRE (Setup_fdre_C_D)        0.071    10.674    bd_0_i/hls_inst/U0/regslice_both_m_axis_video_V_dest_V_U/obuf_inst/odata_int_reg[1]
  -------------------------------------------------------------------
                         required time                         10.674    
                         arrival time                          -2.947    
  -------------------------------------------------------------------
                         slack                                  7.727    

Slack (MET) :             7.741ns  (required time - arrival time)
  Source:                 bd_0_i/hls_inst/U0/regslice_both_m_axis_video_V_data_V_U/ibuf_inst/ireg_reg[8]/C
                            (rising edge-triggered cell FDRE clocked by ap_clk  {rise@0.000ns fall@5.000ns period=10.000ns})
  Destination:            bd_0_i/hls_inst/U0/regslice_both_m_axis_video_V_data_V_U/ibuf_inst/ireg_reg[0]/R
                            (rising edge-triggered cell FDRE clocked by ap_clk  {rise@0.000ns fall@5.000ns period=10.000ns})
  Path Group:             ap_clk
  Path Type:              Setup (Max at Slow Process Corner)
  Requirement:            10.000ns  (ap_clk rise@10.000ns - ap_clk rise@0.000ns)
  Data Path Delay:        1.727ns  (logic 0.376ns (21.775%)  route 1.351ns (78.225%))
  Logic Levels:           1  (LUT4=1)
  Clock Path Skew:        -0.034ns (DCD - SCD + CPR)
    Destination Clock Delay (DCD):    0.638ns = ( 10.638 - 10.000 ) 
    Source Clock Delay      (SCD):    0.672ns
    Clock Pessimism Removal (CPR):    0.000ns
  Clock Uncertainty:      0.035ns  ((TSJ^2 + TIJ^2)^1/2 + DJ) / 2 + PE
    Total System Jitter     (TSJ):    0.071ns
    Total Input Jitter      (TIJ):    0.000ns
    Discrete Jitter          (DJ):    0.000ns
    Phase Error              (PE):    0.000ns

    Location             Delay type                Incr(ns)  Path(ns)    Netlist Resource(s)
  -------------------------------------------------------------------    -------------------
                         (clock ap_clk rise edge)     0.000     0.000 r  
                                                      0.000     0.000 r  ap_clk (IN)
                         net (fo=87, unset)           0.672     0.672    bd_0_i/hls_inst/U0/regslice_both_m_axis_video_V_data_V_U/ibuf_inst/ap_clk
    SLICE_X54Y86         FDRE                                         r  bd_0_i/hls_inst/U0/regslice_both_m_axis_video_V_data_V_U/ibuf_inst/ireg_reg[8]/C
  -------------------------------------------------------------------    -------------------
    SLICE_X54Y86         FDRE (Prop_fdre_C_Q)         0.308     0.980 r  bd_0_i/hls_inst/U0/regslice_both_m_axis_video_V_data_V_U/ibuf_inst/ireg_reg[8]/Q
                         net (fo=25, routed)          0.889     1.869    bd_0_i/hls_inst/U0/regslice_both_m_axis_video_V_data_V_U/ibuf_inst/Q[1]
    SLICE_X54Y86         LUT4 (Prop_lut4_I0_O)        0.068     1.937 r  bd_0_i/hls_inst/U0/regslice_both_m_axis_video_V_data_V_U/ibuf_inst/ireg[8]_i_1__0/O
                         net (fo=9, routed)           0.462     2.399    bd_0_i/hls_inst/U0/regslice_both_m_axis_video_V_data_V_U/ibuf_inst/ireg[8]_i_1__0_n_0
    SLICE_X54Y86         FDRE                                         r  bd_0_i/hls_inst/U0/regslice_both_m_axis_video_V_data_V_U/ibuf_inst/ireg_reg[0]/R
  -------------------------------------------------------------------    -------------------

                         (clock ap_clk rise edge)    10.000    10.000 r  
                                                      0.000    10.000 r  ap_clk (IN)
                         net (fo=87, unset)           0.638    10.638    bd_0_i/hls_inst/U0/regslice_both_m_axis_video_V_data_V_U/ibuf_inst/ap_clk
    SLICE_X54Y86         FDRE                                         r  bd_0_i/hls_inst/U0/regslice_both_m_axis_video_V_data_V_U/ibuf_inst/ireg_reg[0]/C
                         clock pessimism              0.000    10.638    
                         clock uncertainty           -0.035    10.603    
    SLICE_X54Y86         FDRE (Setup_fdre_C_R)       -0.463    10.140    bd_0_i/hls_inst/U0/regslice_both_m_axis_video_V_data_V_U/ibuf_inst/ireg_reg[0]
  -------------------------------------------------------------------
                         required time                         10.140    
                         arrival time                          -2.399    
  -------------------------------------------------------------------
                         slack                                  7.741    

Slack (MET) :             7.741ns  (required time - arrival time)
  Source:                 bd_0_i/hls_inst/U0/regslice_both_m_axis_video_V_data_V_U/ibuf_inst/ireg_reg[8]/C
                            (rising edge-triggered cell FDRE clocked by ap_clk  {rise@0.000ns fall@5.000ns period=10.000ns})
  Destination:            bd_0_i/hls_inst/U0/regslice_both_m_axis_video_V_data_V_U/ibuf_inst/ireg_reg[1]/R
                            (rising edge-triggered cell FDRE clocked by ap_clk  {rise@0.000ns fall@5.000ns period=10.000ns})
  Path Group:             ap_clk
  Path Type:              Setup (Max at Slow Process Corner)
  Requirement:            10.000ns  (ap_clk rise@10.000ns - ap_clk rise@0.000ns)
  Data Path Delay:        1.727ns  (logic 0.376ns (21.775%)  route 1.351ns (78.225%))
  Logic Levels:           1  (LUT4=1)
  Clock Path Skew:        -0.034ns (DCD - SCD + CPR)
    Destination Clock Delay (DCD):    0.638ns = ( 10.638 - 10.000 ) 
    Source Clock Delay      (SCD):    0.672ns
    Clock Pessimism Removal (CPR):    0.000ns
  Clock Uncertainty:      0.035ns  ((TSJ^2 + TIJ^2)^1/2 + DJ) / 2 + PE
    Total System Jitter     (TSJ):    0.071ns
    Total Input Jitter      (TIJ):    0.000ns
    Discrete Jitter          (DJ):    0.000ns
    Phase Error              (PE):    0.000ns

    Location             Delay type                Incr(ns)  Path(ns)    Netlist Resource(s)
  -------------------------------------------------------------------    -------------------
                         (clock ap_clk rise edge)     0.000     0.000 r  
                                                      0.000     0.000 r  ap_clk (IN)
                         net (fo=87, unset)           0.672     0.672    bd_0_i/hls_inst/U0/regslice_both_m_axis_video_V_data_V_U/ibuf_inst/ap_clk
    SLICE_X54Y86         FDRE                                         r  bd_0_i/hls_inst/U0/regslice_both_m_axis_video_V_data_V_U/ibuf_inst/ireg_reg[8]/C
  -------------------------------------------------------------------    -------------------
    SLICE_X54Y86         FDRE (Prop_fdre_C_Q)         0.308     0.980 r  bd_0_i/hls_inst/U0/regslice_both_m_axis_video_V_data_V_U/ibuf_inst/ireg_reg[8]/Q
                         net (fo=25, routed)          0.889     1.869    bd_0_i/hls_inst/U0/regslice_both_m_axis_video_V_data_V_U/ibuf_inst/Q[1]
    SLICE_X54Y86         LUT4 (Prop_lut4_I0_O)        0.068     1.937 r  bd_0_i/hls_inst/U0/regslice_both_m_axis_video_V_data_V_U/ibuf_inst/ireg[8]_i_1__0/O
                         net (fo=9, routed)           0.462     2.399    bd_0_i/hls_inst/U0/regslice_both_m_axis_video_V_data_V_U/ibuf_inst/ireg[8]_i_1__0_n_0
    SLICE_X54Y86         FDRE                                         r  bd_0_i/hls_inst/U0/regslice_both_m_axis_video_V_data_V_U/ibuf_inst/ireg_reg[1]/R
  -------------------------------------------------------------------    -------------------

                         (clock ap_clk rise edge)    10.000    10.000 r  
                                                      0.000    10.000 r  ap_clk (IN)
                         net (fo=87, unset)           0.638    10.638    bd_0_i/hls_inst/U0/regslice_both_m_axis_video_V_data_V_U/ibuf_inst/ap_clk
    SLICE_X54Y86         FDRE                                         r  bd_0_i/hls_inst/U0/regslice_both_m_axis_video_V_data_V_U/ibuf_inst/ireg_reg[1]/C
                         clock pessimism              0.000    10.638    
                         clock uncertainty           -0.035    10.603    
    SLICE_X54Y86         FDRE (Setup_fdre_C_R)       -0.463    10.140    bd_0_i/hls_inst/U0/regslice_both_m_axis_video_V_data_V_U/ibuf_inst/ireg_reg[1]
  -------------------------------------------------------------------
                         required time                         10.140    
                         arrival time                          -2.399    
  -------------------------------------------------------------------
                         slack                                  7.741    

Slack (MET) :             7.741ns  (required time - arrival time)
  Source:                 bd_0_i/hls_inst/U0/regslice_both_m_axis_video_V_data_V_U/ibuf_inst/ireg_reg[8]/C
                            (rising edge-triggered cell FDRE clocked by ap_clk  {rise@0.000ns fall@5.000ns period=10.000ns})
  Destination:            bd_0_i/hls_inst/U0/regslice_both_m_axis_video_V_data_V_U/ibuf_inst/ireg_reg[8]/R
                            (rising edge-triggered cell FDRE clocked by ap_clk  {rise@0.000ns fall@5.000ns period=10.000ns})
  Path Group:             ap_clk
  Path Type:              Setup (Max at Slow Process Corner)
  Requirement:            10.000ns  (ap_clk rise@10.000ns - ap_clk rise@0.000ns)
  Data Path Delay:        1.727ns  (logic 0.376ns (21.775%)  route 1.351ns (78.225%))
  Logic Levels:           1  (LUT4=1)
  Clock Path Skew:        -0.034ns (DCD - SCD + CPR)
    Destination Clock Delay (DCD):    0.638ns = ( 10.638 - 10.000 ) 
    Source Clock Delay      (SCD):    0.672ns
    Clock Pessimism Removal (CPR):    0.000ns
  Clock Uncertainty:      0.035ns  ((TSJ^2 + TIJ^2)^1/2 + DJ) / 2 + PE
    Total System Jitter     (TSJ):    0.071ns
    Total Input Jitter      (TIJ):    0.000ns
    Discrete Jitter          (DJ):    0.000ns
    Phase Error              (PE):    0.000ns

    Location             Delay type                Incr(ns)  Path(ns)    Netlist Resource(s)
  -------------------------------------------------------------------    -------------------
                         (clock ap_clk rise edge)     0.000     0.000 r  
                                                      0.000     0.000 r  ap_clk (IN)
                         net (fo=87, unset)           0.672     0.672    bd_0_i/hls_inst/U0/regslice_both_m_axis_video_V_data_V_U/ibuf_inst/ap_clk
    SLICE_X54Y86         FDRE                                         r  bd_0_i/hls_inst/U0/regslice_both_m_axis_video_V_data_V_U/ibuf_inst/ireg_reg[8]/C
  -------------------------------------------------------------------    -------------------
    SLICE_X54Y86         FDRE (Prop_fdre_C_Q)         0.308     0.980 r  bd_0_i/hls_inst/U0/regslice_both_m_axis_video_V_data_V_U/ibuf_inst/ireg_reg[8]/Q
                         net (fo=25, routed)          0.889     1.869    bd_0_i/hls_inst/U0/regslice_both_m_axis_video_V_data_V_U/ibuf_inst/Q[1]
    SLICE_X54Y86         LUT4 (Prop_lut4_I0_O)        0.068     1.937 r  bd_0_i/hls_inst/U0/regslice_both_m_axis_video_V_data_V_U/ibuf_inst/ireg[8]_i_1__0/O
                         net (fo=9, routed)           0.462     2.399    bd_0_i/hls_inst/U0/regslice_both_m_axis_video_V_data_V_U/ibuf_inst/ireg[8]_i_1__0_n_0
    SLICE_X54Y86         FDRE                                         r  bd_0_i/hls_inst/U0/regslice_both_m_axis_video_V_data_V_U/ibuf_inst/ireg_reg[8]/R
  -------------------------------------------------------------------    -------------------

                         (clock ap_clk rise edge)    10.000    10.000 r  
                                                      0.000    10.000 r  ap_clk (IN)
                         net (fo=87, unset)           0.638    10.638    bd_0_i/hls_inst/U0/regslice_both_m_axis_video_V_data_V_U/ibuf_inst/ap_clk
    SLICE_X54Y86         FDRE                                         r  bd_0_i/hls_inst/U0/regslice_both_m_axis_video_V_data_V_U/ibuf_inst/ireg_reg[8]/C
                         clock pessimism              0.000    10.638    
                         clock uncertainty           -0.035    10.603    
    SLICE_X54Y86         FDRE (Setup_fdre_C_R)       -0.463    10.140    bd_0_i/hls_inst/U0/regslice_both_m_axis_video_V_data_V_U/ibuf_inst/ireg_reg[8]
  -------------------------------------------------------------------
                         required time                         10.140    
                         arrival time                          -2.399    
  -------------------------------------------------------------------
                         slack                                  7.741    

Slack (MET) :             7.746ns  (required time - arrival time)
  Source:                 bd_0_i/hls_inst/U0/regslice_both_m_axis_video_V_data_V_U/ibuf_inst/ireg_reg[8]/C
                            (rising edge-triggered cell FDRE clocked by ap_clk  {rise@0.000ns fall@5.000ns period=10.000ns})
  Destination:            bd_0_i/hls_inst/U0/regslice_both_s_axis_video_V_strb_V_U/obuf_inst/odata_int_reg[0]/D
                            (rising edge-triggered cell FDRE clocked by ap_clk  {rise@0.000ns fall@5.000ns period=10.000ns})
  Path Group:             ap_clk
  Path Type:              Setup (Max at Slow Process Corner)
  Requirement:            10.000ns  (ap_clk rise@10.000ns - ap_clk rise@0.000ns)
  Data Path Delay:        2.220ns  (logic 0.414ns (18.649%)  route 1.806ns (81.351%))
  Logic Levels:           2  (LUT5=1 LUT6=1)
  Clock Path Skew:        -0.034ns (DCD - SCD + CPR)
    Destination Clock Delay (DCD):    0.638ns = ( 10.638 - 10.000 ) 
    Source Clock Delay      (SCD):    0.672ns
    Clock Pessimism Removal (CPR):    0.000ns
  Clock Uncertainty:      0.035ns  ((TSJ^2 + TIJ^2)^1/2 + DJ) / 2 + PE
    Total System Jitter     (TSJ):    0.071ns
    Total Input Jitter      (TIJ):    0.000ns
    Discrete Jitter          (DJ):    0.000ns
    Phase Error              (PE):    0.000ns

    Location             Delay type                Incr(ns)  Path(ns)    Netlist Resource(s)
  -------------------------------------------------------------------    -------------------
                         (clock ap_clk rise edge)     0.000     0.000 r  
                                                      0.000     0.000 r  ap_clk (IN)
                         net (fo=87, unset)           0.672     0.672    bd_0_i/hls_inst/U0/regslice_both_m_axis_video_V_data_V_U/ibuf_inst/ap_clk
    SLICE_X54Y86         FDRE                                         r  bd_0_i/hls_inst/U0/regslice_both_m_axis_video_V_data_V_U/ibuf_inst/ireg_reg[8]/C
  -------------------------------------------------------------------    -------------------
    SLICE_X54Y86         FDRE (Prop_fdre_C_Q)         0.308     0.980 f  bd_0_i/hls_inst/U0/regslice_both_m_axis_video_V_data_V_U/ibuf_inst/ireg_reg[8]/Q
                         net (fo=25, routed)          1.239     2.219    bd_0_i/hls_inst/U0/regslice_both_s_axis_video_V_strb_V_U/obuf_inst/odata_int_reg[0]_1[0]
    SLICE_X51Y83         LUT6 (Prop_lut6_I5_O)        0.053     2.272 r  bd_0_i/hls_inst/U0/regslice_both_s_axis_video_V_strb_V_U/obuf_inst/odata_int[0]_i_2__3/O
                         net (fo=1, routed)           0.566     2.839    bd_0_i/hls_inst/U0/regslice_both_s_axis_video_V_strb_V_U/obuf_inst/odata_int[0]_i_2__3_n_0
    SLICE_X51Y82         LUT5 (Prop_lut5_I3_O)        0.053     2.892 r  bd_0_i/hls_inst/U0/regslice_both_s_axis_video_V_strb_V_U/obuf_inst/odata_int[0]_i_1/O
                         net (fo=1, routed)           0.000     2.892    bd_0_i/hls_inst/U0/regslice_both_s_axis_video_V_strb_V_U/obuf_inst/odata_int[0]_i_1_n_0
    SLICE_X51Y82         FDRE                                         r  bd_0_i/hls_inst/U0/regslice_both_s_axis_video_V_strb_V_U/obuf_inst/odata_int_reg[0]/D
  -------------------------------------------------------------------    -------------------

                         (clock ap_clk rise edge)    10.000    10.000 r  
                                                      0.000    10.000 r  ap_clk (IN)
                         net (fo=87, unset)           0.638    10.638    bd_0_i/hls_inst/U0/regslice_both_s_axis_video_V_strb_V_U/obuf_inst/ap_clk
    SLICE_X51Y82         FDRE                                         r  bd_0_i/hls_inst/U0/regslice_both_s_axis_video_V_strb_V_U/obuf_inst/odata_int_reg[0]/C
                         clock pessimism              0.000    10.638    
                         clock uncertainty           -0.035    10.603    
    SLICE_X51Y82         FDRE (Setup_fdre_C_D)        0.035    10.638    bd_0_i/hls_inst/U0/regslice_both_s_axis_video_V_strb_V_U/obuf_inst/odata_int_reg[0]
  -------------------------------------------------------------------
                         required time                         10.638    
                         arrival time                          -2.892    
  -------------------------------------------------------------------
                         slack                                  7.746    





Min Delay Paths
--------------------------------------------------------------------------------------
Slack (MET) :             0.092ns  (arrival time - required time)
  Source:                 bd_0_i/hls_inst/U0/regslice_both_s_axis_video_V_id_V_U/ibuf_inst/ireg_reg[1]/C
                            (rising edge-triggered cell FDRE clocked by ap_clk  {rise@0.000ns fall@5.000ns period=10.000ns})
  Destination:            bd_0_i/hls_inst/U0/regslice_both_s_axis_video_V_id_V_U/obuf_inst/odata_int_reg[1]/D
                            (rising edge-triggered cell FDRE clocked by ap_clk  {rise@0.000ns fall@5.000ns period=10.000ns})
  Path Group:             ap_clk
  Path Type:              Hold (Min at Fast Process Corner)
  Requirement:            0.000ns  (ap_clk rise@0.000ns - ap_clk rise@0.000ns)
  Data Path Delay:        0.193ns  (logic 0.128ns (66.155%)  route 0.065ns (33.845%))
  Logic Levels:           1  (LUT4=1)
  Clock Path Skew:        0.015ns (DCD - SCD - CPR)
    Destination Clock Delay (DCD):    0.298ns
    Source Clock Delay      (SCD):    0.283ns
    Clock Pessimism Removal (CPR):    -0.000ns

    Location             Delay type                Incr(ns)  Path(ns)    Netlist Resource(s)
  -------------------------------------------------------------------    -------------------
                         (clock ap_clk rise edge)     0.000     0.000 r  
                                                      0.000     0.000 r  ap_clk (IN)
                         net (fo=87, unset)           0.283     0.283    bd_0_i/hls_inst/U0/regslice_both_s_axis_video_V_id_V_U/ibuf_inst/ap_clk
    SLICE_X51Y84         FDRE                                         r  bd_0_i/hls_inst/U0/regslice_both_s_axis_video_V_id_V_U/ibuf_inst/ireg_reg[1]/C
  -------------------------------------------------------------------    -------------------
    SLICE_X51Y84         FDRE (Prop_fdre_C_Q)         0.100     0.383 r  bd_0_i/hls_inst/U0/regslice_both_s_axis_video_V_id_V_U/ibuf_inst/ireg_reg[1]/Q
                         net (fo=4, routed)           0.065     0.449    bd_0_i/hls_inst/U0/regslice_both_s_axis_video_V_id_V_U/obuf_inst/p_0_in
    SLICE_X50Y84         LUT4 (Prop_lut4_I1_O)        0.028     0.477 r  bd_0_i/hls_inst/U0/regslice_both_s_axis_video_V_id_V_U/obuf_inst/odata_int[1]_i_1/O
                         net (fo=1, routed)           0.000     0.477    bd_0_i/hls_inst/U0/regslice_both_s_axis_video_V_id_V_U/obuf_inst/odata_int[1]_i_1_n_0
    SLICE_X50Y84         FDRE                                         r  bd_0_i/hls_inst/U0/regslice_both_s_axis_video_V_id_V_U/obuf_inst/odata_int_reg[1]/D
  -------------------------------------------------------------------    -------------------

                         (clock ap_clk rise edge)     0.000     0.000 r  
                                                      0.000     0.000 r  ap_clk (IN)
                         net (fo=87, unset)           0.298     0.298    bd_0_i/hls_inst/U0/regslice_both_s_axis_video_V_id_V_U/obuf_inst/ap_clk
    SLICE_X50Y84         FDRE                                         r  bd_0_i/hls_inst/U0/regslice_both_s_axis_video_V_id_V_U/obuf_inst/odata_int_reg[1]/C
                         clock pessimism              0.000     0.298    
    SLICE_X50Y84         FDRE (Hold_fdre_C_D)         0.087     0.385    bd_0_i/hls_inst/U0/regslice_both_s_axis_video_V_id_V_U/obuf_inst/odata_int_reg[1]
  -------------------------------------------------------------------
                         required time                         -0.385    
                         arrival time                           0.477    
  -------------------------------------------------------------------
                         slack                                  0.092    

Slack (MET) :             0.102ns  (arrival time - required time)
  Source:                 bd_0_i/hls_inst/U0/regslice_both_m_axis_video_V_keep_V_U/ibuf_inst/ireg_reg[1]/C
                            (rising edge-triggered cell FDRE clocked by ap_clk  {rise@0.000ns fall@5.000ns period=10.000ns})
  Destination:            bd_0_i/hls_inst/U0/regslice_both_m_axis_video_V_keep_V_U/obuf_inst/odata_int_reg[0]/D
                            (rising edge-triggered cell FDRE clocked by ap_clk  {rise@0.000ns fall@5.000ns period=10.000ns})
  Path Group:             ap_clk
  Path Type:              Hold (Min at Fast Process Corner)
  Requirement:            0.000ns  (ap_clk rise@0.000ns - ap_clk rise@0.000ns)
  Data Path Delay:        0.204ns  (logic 0.128ns (62.817%)  route 0.076ns (37.183%))
  Logic Levels:           1  (LUT5=1)
  Clock Path Skew:        0.015ns (DCD - SCD - CPR)
    Destination Clock Delay (DCD):    0.298ns
    Source Clock Delay      (SCD):    0.283ns
    Clock Pessimism Removal (CPR):    -0.000ns

    Location             Delay type                Incr(ns)  Path(ns)    Netlist Resource(s)
  -------------------------------------------------------------------    -------------------
                         (clock ap_clk rise edge)     0.000     0.000 r  
                                                      0.000     0.000 r  ap_clk (IN)
                         net (fo=87, unset)           0.283     0.283    bd_0_i/hls_inst/U0/regslice_both_m_axis_video_V_keep_V_U/ibuf_inst/ap_clk
    SLICE_X49Y85         FDRE                                         r  bd_0_i/hls_inst/U0/regslice_both_m_axis_video_V_keep_V_U/ibuf_inst/ireg_reg[1]/C
  -------------------------------------------------------------------    -------------------
    SLICE_X49Y85         FDRE (Prop_fdre_C_Q)         0.100     0.383 r  bd_0_i/hls_inst/U0/regslice_both_m_axis_video_V_keep_V_U/ibuf_inst/ireg_reg[1]/Q
                         net (fo=4, routed)           0.076     0.459    bd_0_i/hls_inst/U0/regslice_both_m_axis_video_V_keep_V_U/obuf_inst/p_0_in
    SLICE_X48Y85         LUT5 (Prop_lut5_I1_O)        0.028     0.487 r  bd_0_i/hls_inst/U0/regslice_both_m_axis_video_V_keep_V_U/obuf_inst/odata_int[0]_i_1/O
                         net (fo=1, routed)           0.000     0.487    bd_0_i/hls_inst/U0/regslice_both_m_axis_video_V_keep_V_U/obuf_inst/odata_int[0]_i_1_n_0
    SLICE_X48Y85         FDRE                                         r  bd_0_i/hls_inst/U0/regslice_both_m_axis_video_V_keep_V_U/obuf_inst/odata_int_reg[0]/D
  -------------------------------------------------------------------    -------------------

                         (clock ap_clk rise edge)     0.000     0.000 r  
                                                      0.000     0.000 r  ap_clk (IN)
                         net (fo=87, unset)           0.298     0.298    bd_0_i/hls_inst/U0/regslice_both_m_axis_video_V_keep_V_U/obuf_inst/ap_clk
    SLICE_X48Y85         FDRE                                         r  bd_0_i/hls_inst/U0/regslice_both_m_axis_video_V_keep_V_U/obuf_inst/odata_int_reg[0]/C
                         clock pessimism              0.000     0.298    
    SLICE_X48Y85         FDRE (Hold_fdre_C_D)         0.087     0.385    bd_0_i/hls_inst/U0/regslice_both_m_axis_video_V_keep_V_U/obuf_inst/odata_int_reg[0]
  -------------------------------------------------------------------
                         required time                         -0.385    
                         arrival time                           0.487    
  -------------------------------------------------------------------
                         slack                                  0.102    

Slack (MET) :             0.103ns  (arrival time - required time)
  Source:                 bd_0_i/hls_inst/U0/regslice_both_s_axis_video_V_strb_V_U/obuf_inst/odata_int_reg[0]/C
                            (rising edge-triggered cell FDRE clocked by ap_clk  {rise@0.000ns fall@5.000ns period=10.000ns})
  Destination:            bd_0_i/hls_inst/U0/regslice_both_m_axis_video_V_strb_V_U/ibuf_inst/ireg_reg[0]/D
                            (rising edge-triggered cell FDRE clocked by ap_clk  {rise@0.000ns fall@5.000ns period=10.000ns})
  Path Group:             ap_clk
  Path Type:              Hold (Min at Fast Process Corner)
  Requirement:            0.000ns  (ap_clk rise@0.000ns - ap_clk rise@0.000ns)
  Data Path Delay:        0.205ns  (logic 0.128ns (62.510%)  route 0.077ns (37.490%))
  Logic Levels:           1  (LUT6=1)
  Clock Path Skew:        0.015ns (DCD - SCD - CPR)
    Destination Clock Delay (DCD):    0.298ns
    Source Clock Delay      (SCD):    0.283ns
    Clock Pessimism Removal (CPR):    -0.000ns

    Location             Delay type                Incr(ns)  Path(ns)    Netlist Resource(s)
  -------------------------------------------------------------------    -------------------
                         (clock ap_clk rise edge)     0.000     0.000 r  
                                                      0.000     0.000 r  ap_clk (IN)
                         net (fo=87, unset)           0.283     0.283    bd_0_i/hls_inst/U0/regslice_both_s_axis_video_V_strb_V_U/obuf_inst/ap_clk
    SLICE_X51Y82         FDRE                                         r  bd_0_i/hls_inst/U0/regslice_both_s_axis_video_V_strb_V_U/obuf_inst/odata_int_reg[0]/C
  -------------------------------------------------------------------    -------------------
    SLICE_X51Y82         FDRE (Prop_fdre_C_Q)         0.100     0.383 r  bd_0_i/hls_inst/U0/regslice_both_s_axis_video_V_strb_V_U/obuf_inst/odata_int_reg[0]/Q
                         net (fo=3, routed)           0.077     0.460    bd_0_i/hls_inst/U0/regslice_both_m_axis_video_V_strb_V_U/ibuf_inst/s_axis_video_TSTRB_int
    SLICE_X50Y82         LUT6 (Prop_lut6_I1_O)        0.028     0.488 r  bd_0_i/hls_inst/U0/regslice_both_m_axis_video_V_strb_V_U/ibuf_inst/ireg[0]_i_1/O
                         net (fo=1, routed)           0.000     0.488    bd_0_i/hls_inst/U0/regslice_both_m_axis_video_V_strb_V_U/ibuf_inst/ireg[0]_i_1_n_0
    SLICE_X50Y82         FDRE                                         r  bd_0_i/hls_inst/U0/regslice_both_m_axis_video_V_strb_V_U/ibuf_inst/ireg_reg[0]/D
  -------------------------------------------------------------------    -------------------

                         (clock ap_clk rise edge)     0.000     0.000 r  
                                                      0.000     0.000 r  ap_clk (IN)
                         net (fo=87, unset)           0.298     0.298    bd_0_i/hls_inst/U0/regslice_both_m_axis_video_V_strb_V_U/ibuf_inst/ap_clk
    SLICE_X50Y82         FDRE                                         r  bd_0_i/hls_inst/U0/regslice_both_m_axis_video_V_strb_V_U/ibuf_inst/ireg_reg[0]/C
                         clock pessimism              0.000     0.298    
    SLICE_X50Y82         FDRE (Hold_fdre_C_D)         0.087     0.385    bd_0_i/hls_inst/U0/regslice_both_m_axis_video_V_strb_V_U/ibuf_inst/ireg_reg[0]
  -------------------------------------------------------------------
                         required time                         -0.385    
                         arrival time                           0.488    
  -------------------------------------------------------------------
                         slack                                  0.103    

Slack (MET) :             0.111ns  (arrival time - required time)
  Source:                 bd_0_i/hls_inst/U0/regslice_both_s_axis_video_V_user_V_U/obuf_inst/odata_int_reg[1]/C
                            (rising edge-triggered cell FDRE clocked by ap_clk  {rise@0.000ns fall@5.000ns period=10.000ns})
  Destination:            bd_0_i/hls_inst/U0/regslice_both_s_axis_video_V_user_V_U/ibuf_inst/ireg_reg[1]/D
                            (rising edge-triggered cell FDRE clocked by ap_clk  {rise@0.000ns fall@5.000ns period=10.000ns})
  Path Group:             ap_clk
  Path Type:              Hold (Min at Fast Process Corner)
  Requirement:            0.000ns  (ap_clk rise@0.000ns - ap_clk rise@0.000ns)
  Data Path Delay:        0.213ns  (logic 0.128ns (60.080%)  route 0.085ns (39.920%))
  Logic Levels:           1  (LUT5=1)
  Clock Path Skew:        0.015ns (DCD - SCD - CPR)
    Destination Clock Delay (DCD):    0.298ns
    Source Clock Delay      (SCD):    0.283ns
    Clock Pessimism Removal (CPR):    -0.000ns

    Location             Delay type                Incr(ns)  Path(ns)    Netlist Resource(s)
  -------------------------------------------------------------------    -------------------
                         (clock ap_clk rise edge)     0.000     0.000 r  
                                                      0.000     0.000 r  ap_clk (IN)
                         net (fo=87, unset)           0.283     0.283    bd_0_i/hls_inst/U0/regslice_both_s_axis_video_V_user_V_U/obuf_inst/ap_clk
    SLICE_X53Y83         FDRE                                         r  bd_0_i/hls_inst/U0/regslice_both_s_axis_video_V_user_V_U/obuf_inst/odata_int_reg[1]/C
  -------------------------------------------------------------------    -------------------
    SLICE_X53Y83         FDRE (Prop_fdre_C_Q)         0.100     0.383 r  bd_0_i/hls_inst/U0/regslice_both_s_axis_video_V_user_V_U/obuf_inst/odata_int_reg[1]/Q
                         net (fo=4, routed)           0.085     0.468    bd_0_i/hls_inst/U0/regslice_both_s_axis_video_V_user_V_U/ibuf_inst/ireg_reg[1]_0
    SLICE_X52Y83         LUT5 (Prop_lut5_I2_O)        0.028     0.496 r  bd_0_i/hls_inst/U0/regslice_both_s_axis_video_V_user_V_U/ibuf_inst/ireg[1]_i_1/O
                         net (fo=1, routed)           0.000     0.496    bd_0_i/hls_inst/U0/regslice_both_s_axis_video_V_user_V_U/ibuf_inst/ireg[1]_i_1_n_0
    SLICE_X52Y83         FDRE                                         r  bd_0_i/hls_inst/U0/regslice_both_s_axis_video_V_user_V_U/ibuf_inst/ireg_reg[1]/D
  -------------------------------------------------------------------    -------------------

                         (clock ap_clk rise edge)     0.000     0.000 r  
                                                      0.000     0.000 r  ap_clk (IN)
                         net (fo=87, unset)           0.298     0.298    bd_0_i/hls_inst/U0/regslice_both_s_axis_video_V_user_V_U/ibuf_inst/ap_clk
    SLICE_X52Y83         FDRE                                         r  bd_0_i/hls_inst/U0/regslice_both_s_axis_video_V_user_V_U/ibuf_inst/ireg_reg[1]/C
                         clock pessimism              0.000     0.298    
    SLICE_X52Y83         FDRE (Hold_fdre_C_D)         0.087     0.385    bd_0_i/hls_inst/U0/regslice_both_s_axis_video_V_user_V_U/ibuf_inst/ireg_reg[1]
  -------------------------------------------------------------------
                         required time                         -0.385    
                         arrival time                           0.496    
  -------------------------------------------------------------------
                         slack                                  0.111    

Slack (MET) :             0.112ns  (arrival time - required time)
  Source:                 bd_0_i/hls_inst/U0/regslice_both_s_axis_video_V_user_V_U/obuf_inst/odata_int_reg[1]/C
                            (rising edge-triggered cell FDRE clocked by ap_clk  {rise@0.000ns fall@5.000ns period=10.000ns})
  Destination:            bd_0_i/hls_inst/U0/regslice_both_s_axis_video_V_user_V_U/ibuf_inst/ireg_reg[0]/D
                            (rising edge-triggered cell FDRE clocked by ap_clk  {rise@0.000ns fall@5.000ns period=10.000ns})
  Path Group:             ap_clk
  Path Type:              Hold (Min at Fast Process Corner)
  Requirement:            0.000ns  (ap_clk rise@0.000ns - ap_clk rise@0.000ns)
  Data Path Delay:        0.214ns  (logic 0.128ns (59.800%)  route 0.086ns (40.200%))
  Logic Levels:           1  (LUT6=1)
  Clock Path Skew:        0.015ns (DCD - SCD - CPR)
    Destination Clock Delay (DCD):    0.298ns
    Source Clock Delay      (SCD):    0.283ns
    Clock Pessimism Removal (CPR):    -0.000ns

    Location             Delay type                Incr(ns)  Path(ns)    Netlist Resource(s)
  -------------------------------------------------------------------    -------------------
                         (clock ap_clk rise edge)     0.000     0.000 r  
                                                      0.000     0.000 r  ap_clk (IN)
                         net (fo=87, unset)           0.283     0.283    bd_0_i/hls_inst/U0/regslice_both_s_axis_video_V_user_V_U/obuf_inst/ap_clk
    SLICE_X53Y83         FDRE                                         r  bd_0_i/hls_inst/U0/regslice_both_s_axis_video_V_user_V_U/obuf_inst/odata_int_reg[1]/C
  -------------------------------------------------------------------    -------------------
    SLICE_X53Y83         FDRE (Prop_fdre_C_Q)         0.100     0.383 r  bd_0_i/hls_inst/U0/regslice_both_s_axis_video_V_user_V_U/obuf_inst/odata_int_reg[1]/Q
                         net (fo=4, routed)           0.086     0.469    bd_0_i/hls_inst/U0/regslice_both_s_axis_video_V_user_V_U/ibuf_inst/ireg_reg[1]_0
    SLICE_X52Y83         LUT6 (Prop_lut6_I3_O)        0.028     0.497 r  bd_0_i/hls_inst/U0/regslice_both_s_axis_video_V_user_V_U/ibuf_inst/ireg[0]_i_1/O
                         net (fo=1, routed)           0.000     0.497    bd_0_i/hls_inst/U0/regslice_both_s_axis_video_V_user_V_U/ibuf_inst/ireg[0]_i_1_n_0
    SLICE_X52Y83         FDRE                                         r  bd_0_i/hls_inst/U0/regslice_both_s_axis_video_V_user_V_U/ibuf_inst/ireg_reg[0]/D
  -------------------------------------------------------------------    -------------------

                         (clock ap_clk rise edge)     0.000     0.000 r  
                                                      0.000     0.000 r  ap_clk (IN)
                         net (fo=87, unset)           0.298     0.298    bd_0_i/hls_inst/U0/regslice_both_s_axis_video_V_user_V_U/ibuf_inst/ap_clk
    SLICE_X52Y83         FDRE                                         r  bd_0_i/hls_inst/U0/regslice_both_s_axis_video_V_user_V_U/ibuf_inst/ireg_reg[0]/C
                         clock pessimism              0.000     0.298    
    SLICE_X52Y83         FDRE (Hold_fdre_C_D)         0.087     0.385    bd_0_i/hls_inst/U0/regslice_both_s_axis_video_V_user_V_U/ibuf_inst/ireg_reg[0]
  -------------------------------------------------------------------
                         required time                         -0.385    
                         arrival time                           0.497    
  -------------------------------------------------------------------
                         slack                                  0.112    

Slack (MET) :             0.119ns  (arrival time - required time)
  Source:                 bd_0_i/hls_inst/U0/regslice_both_s_axis_video_V_keep_V_U/ibuf_inst/ireg_reg[0]/C
                            (rising edge-triggered cell FDRE clocked by ap_clk  {rise@0.000ns fall@5.000ns period=10.000ns})
  Destination:            bd_0_i/hls_inst/U0/regslice_both_s_axis_video_V_keep_V_U/obuf_inst/odata_int_reg[0]/D
                            (rising edge-triggered cell FDRE clocked by ap_clk  {rise@0.000ns fall@5.000ns period=10.000ns})
  Path Group:             ap_clk
  Path Type:              Hold (Min at Fast Process Corner)
  Requirement:            0.000ns  (ap_clk rise@0.000ns - ap_clk rise@0.000ns)
  Data Path Delay:        0.220ns  (logic 0.128ns (58.074%)  route 0.092ns (41.926%))
  Logic Levels:           1  (LUT5=1)
  Clock Path Skew:        0.015ns (DCD - SCD - CPR)
    Destination Clock Delay (DCD):    0.298ns
    Source Clock Delay      (SCD):    0.283ns
    Clock Pessimism Removal (CPR):    -0.000ns

    Location             Delay type                Incr(ns)  Path(ns)    Netlist Resource(s)
  -------------------------------------------------------------------    -------------------
                         (clock ap_clk rise edge)     0.000     0.000 r  
                                                      0.000     0.000 r  ap_clk (IN)
                         net (fo=87, unset)           0.283     0.283    bd_0_i/hls_inst/U0/regslice_both_s_axis_video_V_keep_V_U/ibuf_inst/ap_clk
    SLICE_X51Y85         FDRE                                         r  bd_0_i/hls_inst/U0/regslice_both_s_axis_video_V_keep_V_U/ibuf_inst/ireg_reg[0]/C
  -------------------------------------------------------------------    -------------------
    SLICE_X51Y85         FDRE (Prop_fdre_C_Q)         0.100     0.383 r  bd_0_i/hls_inst/U0/regslice_both_s_axis_video_V_keep_V_U/ibuf_inst/ireg_reg[0]/Q
                         net (fo=2, routed)           0.092     0.476    bd_0_i/hls_inst/U0/regslice_both_s_axis_video_V_keep_V_U/obuf_inst/odata_int_reg[0]_2
    SLICE_X50Y85         LUT5 (Prop_lut5_I0_O)        0.028     0.504 r  bd_0_i/hls_inst/U0/regslice_both_s_axis_video_V_keep_V_U/obuf_inst/odata_int[0]_i_1/O
                         net (fo=1, routed)           0.000     0.504    bd_0_i/hls_inst/U0/regslice_both_s_axis_video_V_keep_V_U/obuf_inst/odata_int[0]_i_1_n_0
    SLICE_X50Y85         FDRE                                         r  bd_0_i/hls_inst/U0/regslice_both_s_axis_video_V_keep_V_U/obuf_inst/odata_int_reg[0]/D
  -------------------------------------------------------------------    -------------------

                         (clock ap_clk rise edge)     0.000     0.000 r  
                                                      0.000     0.000 r  ap_clk (IN)
                         net (fo=87, unset)           0.298     0.298    bd_0_i/hls_inst/U0/regslice_both_s_axis_video_V_keep_V_U/obuf_inst/ap_clk
    SLICE_X50Y85         FDRE                                         r  bd_0_i/hls_inst/U0/regslice_both_s_axis_video_V_keep_V_U/obuf_inst/odata_int_reg[0]/C
                         clock pessimism              0.000     0.298    
    SLICE_X50Y85         FDRE (Hold_fdre_C_D)         0.087     0.385    bd_0_i/hls_inst/U0/regslice_both_s_axis_video_V_keep_V_U/obuf_inst/odata_int_reg[0]
  -------------------------------------------------------------------
                         required time                         -0.385    
                         arrival time                           0.504    
  -------------------------------------------------------------------
                         slack                                  0.119    

Slack (MET) :             0.119ns  (arrival time - required time)
  Source:                 bd_0_i/hls_inst/U0/regslice_both_m_axis_video_V_data_V_U/count_reg[1]/C
                            (rising edge-triggered cell FDRE clocked by ap_clk  {rise@0.000ns fall@5.000ns period=10.000ns})
  Destination:            bd_0_i/hls_inst/U0/regslice_both_m_axis_video_V_data_V_U/count_reg[0]/D
                            (rising edge-triggered cell FDRE clocked by ap_clk  {rise@0.000ns fall@5.000ns period=10.000ns})
  Path Group:             ap_clk
  Path Type:              Hold (Min at Fast Process Corner)
  Requirement:            0.000ns  (ap_clk rise@0.000ns - ap_clk rise@0.000ns)
  Data Path Delay:        0.221ns  (logic 0.128ns (57.977%)  route 0.093ns (42.023%))
  Logic Levels:           1  (LUT5=1)
  Clock Path Skew:        0.015ns (DCD - SCD - CPR)
    Destination Clock Delay (DCD):    0.298ns
    Source Clock Delay      (SCD):    0.283ns
    Clock Pessimism Removal (CPR):    -0.000ns

    Location             Delay type                Incr(ns)  Path(ns)    Netlist Resource(s)
  -------------------------------------------------------------------    -------------------
                         (clock ap_clk rise edge)     0.000     0.000 r  
                                                      0.000     0.000 r  ap_clk (IN)
                         net (fo=87, unset)           0.283     0.283    bd_0_i/hls_inst/U0/regslice_both_m_axis_video_V_data_V_U/ap_clk
    SLICE_X53Y85         FDRE                                         r  bd_0_i/hls_inst/U0/regslice_both_m_axis_video_V_data_V_U/count_reg[1]/C
  -------------------------------------------------------------------    -------------------
    SLICE_X53Y85         FDRE (Prop_fdre_C_Q)         0.100     0.383 r  bd_0_i/hls_inst/U0/regslice_both_m_axis_video_V_data_V_U/count_reg[1]/Q
                         net (fo=4, routed)           0.093     0.476    bd_0_i/hls_inst/U0/regslice_both_m_axis_video_V_data_V_U/count_reg_n_0_[1]
    SLICE_X52Y85         LUT5 (Prop_lut5_I2_O)        0.028     0.504 r  bd_0_i/hls_inst/U0/regslice_both_m_axis_video_V_data_V_U/count[0]_i_1/O
                         net (fo=1, routed)           0.000     0.504    bd_0_i/hls_inst/U0/regslice_both_m_axis_video_V_data_V_U/count[0]_i_1_n_0
    SLICE_X52Y85         FDRE                                         r  bd_0_i/hls_inst/U0/regslice_both_m_axis_video_V_data_V_U/count_reg[0]/D
  -------------------------------------------------------------------    -------------------

                         (clock ap_clk rise edge)     0.000     0.000 r  
                                                      0.000     0.000 r  ap_clk (IN)
                         net (fo=87, unset)           0.298     0.298    bd_0_i/hls_inst/U0/regslice_both_m_axis_video_V_data_V_U/ap_clk
    SLICE_X52Y85         FDRE                                         r  bd_0_i/hls_inst/U0/regslice_both_m_axis_video_V_data_V_U/count_reg[0]/C
                         clock pessimism              0.000     0.298    
    SLICE_X52Y85         FDRE (Hold_fdre_C_D)         0.087     0.385    bd_0_i/hls_inst/U0/regslice_both_m_axis_video_V_data_V_U/count_reg[0]
  -------------------------------------------------------------------
                         required time                         -0.385    
                         arrival time                           0.504    
  -------------------------------------------------------------------
                         slack                                  0.119    

Slack (MET) :             0.121ns  (arrival time - required time)
  Source:                 bd_0_i/hls_inst/U0/regslice_both_m_axis_video_V_dest_V_U/ibuf_inst/ireg_reg[1]/C
                            (rising edge-triggered cell FDRE clocked by ap_clk  {rise@0.000ns fall@5.000ns period=10.000ns})
  Destination:            bd_0_i/hls_inst/U0/regslice_both_m_axis_video_V_dest_V_U/obuf_inst/odata_int_reg[0]/D
                            (rising edge-triggered cell FDRE clocked by ap_clk  {rise@0.000ns fall@5.000ns period=10.000ns})
  Path Group:             ap_clk
  Path Type:              Hold (Min at Fast Process Corner)
  Requirement:            0.000ns  (ap_clk rise@0.000ns - ap_clk rise@0.000ns)
  Data Path Delay:        0.223ns  (logic 0.128ns (57.457%)  route 0.095ns (42.543%))
  Logic Levels:           1  (LUT5=1)
  Clock Path Skew:        0.015ns (DCD - SCD - CPR)
    Destination Clock Delay (DCD):    0.298ns
    Source Clock Delay      (SCD):    0.283ns
    Clock Pessimism Removal (CPR):    -0.000ns

    Location             Delay type                Incr(ns)  Path(ns)    Netlist Resource(s)
  -------------------------------------------------------------------    -------------------
                         (clock ap_clk rise edge)     0.000     0.000 r  
                                                      0.000     0.000 r  ap_clk (IN)
                         net (fo=87, unset)           0.283     0.283    bd_0_i/hls_inst/U0/regslice_both_m_axis_video_V_dest_V_U/ibuf_inst/ap_clk
    SLICE_X49Y82         FDRE                                         r  bd_0_i/hls_inst/U0/regslice_both_m_axis_video_V_dest_V_U/ibuf_inst/ireg_reg[1]/C
  -------------------------------------------------------------------    -------------------
    SLICE_X49Y82         FDRE (Prop_fdre_C_Q)         0.100     0.383 r  bd_0_i/hls_inst/U0/regslice_both_m_axis_video_V_dest_V_U/ibuf_inst/ireg_reg[1]/Q
                         net (fo=4, routed)           0.095     0.478    bd_0_i/hls_inst/U0/regslice_both_m_axis_video_V_dest_V_U/obuf_inst/p_0_in
    SLICE_X48Y82         LUT5 (Prop_lut5_I1_O)        0.028     0.506 r  bd_0_i/hls_inst/U0/regslice_both_m_axis_video_V_dest_V_U/obuf_inst/odata_int[0]_i_1/O
                         net (fo=1, routed)           0.000     0.506    bd_0_i/hls_inst/U0/regslice_both_m_axis_video_V_dest_V_U/obuf_inst/odata_int[0]_i_1_n_0
    SLICE_X48Y82         FDRE                                         r  bd_0_i/hls_inst/U0/regslice_both_m_axis_video_V_dest_V_U/obuf_inst/odata_int_reg[0]/D
  -------------------------------------------------------------------    -------------------

                         (clock ap_clk rise edge)     0.000     0.000 r  
                                                      0.000     0.000 r  ap_clk (IN)
                         net (fo=87, unset)           0.298     0.298    bd_0_i/hls_inst/U0/regslice_both_m_axis_video_V_dest_V_U/obuf_inst/ap_clk
    SLICE_X48Y82         FDRE                                         r  bd_0_i/hls_inst/U0/regslice_both_m_axis_video_V_dest_V_U/obuf_inst/odata_int_reg[0]/C
                         clock pessimism              0.000     0.298    
    SLICE_X48Y82         FDRE (Hold_fdre_C_D)         0.087     0.385    bd_0_i/hls_inst/U0/regslice_both_m_axis_video_V_dest_V_U/obuf_inst/odata_int_reg[0]
  -------------------------------------------------------------------
                         required time                         -0.385    
                         arrival time                           0.506    
  -------------------------------------------------------------------
                         slack                                  0.121    

Slack (MET) :             0.121ns  (arrival time - required time)
  Source:                 bd_0_i/hls_inst/U0/regslice_both_s_axis_video_V_id_V_U/ibuf_inst/ireg_reg[0]/C
                            (rising edge-triggered cell FDRE clocked by ap_clk  {rise@0.000ns fall@5.000ns period=10.000ns})
  Destination:            bd_0_i/hls_inst/U0/regslice_both_s_axis_video_V_id_V_U/obuf_inst/odata_int_reg[0]/D
                            (rising edge-triggered cell FDRE clocked by ap_clk  {rise@0.000ns fall@5.000ns period=10.000ns})
  Path Group:             ap_clk
  Path Type:              Hold (Min at Fast Process Corner)
  Requirement:            0.000ns  (ap_clk rise@0.000ns - ap_clk rise@0.000ns)
  Data Path Delay:        0.223ns  (logic 0.128ns (57.457%)  route 0.095ns (42.543%))
  Logic Levels:           1  (LUT5=1)
  Clock Path Skew:        0.015ns (DCD - SCD - CPR)
    Destination Clock Delay (DCD):    0.298ns
    Source Clock Delay      (SCD):    0.283ns
    Clock Pessimism Removal (CPR):    -0.000ns

    Location             Delay type                Incr(ns)  Path(ns)    Netlist Resource(s)
  -------------------------------------------------------------------    -------------------
                         (clock ap_clk rise edge)     0.000     0.000 r  
                                                      0.000     0.000 r  ap_clk (IN)
                         net (fo=87, unset)           0.283     0.283    bd_0_i/hls_inst/U0/regslice_both_s_axis_video_V_id_V_U/ibuf_inst/ap_clk
    SLICE_X51Y84         FDRE                                         r  bd_0_i/hls_inst/U0/regslice_both_s_axis_video_V_id_V_U/ibuf_inst/ireg_reg[0]/C
  -------------------------------------------------------------------    -------------------
    SLICE_X51Y84         FDRE (Prop_fdre_C_Q)         0.100     0.383 r  bd_0_i/hls_inst/U0/regslice_both_s_axis_video_V_id_V_U/ibuf_inst/ireg_reg[0]/Q
                         net (fo=2, routed)           0.095     0.478    bd_0_i/hls_inst/U0/regslice_both_s_axis_video_V_id_V_U/obuf_inst/odata_int_reg[0]_2
    SLICE_X50Y84         LUT5 (Prop_lut5_I0_O)        0.028     0.506 r  bd_0_i/hls_inst/U0/regslice_both_s_axis_video_V_id_V_U/obuf_inst/odata_int[0]_i_1/O
                         net (fo=1, routed)           0.000     0.506    bd_0_i/hls_inst/U0/regslice_both_s_axis_video_V_id_V_U/obuf_inst/odata_int[0]_i_1_n_0
    SLICE_X50Y84         FDRE                                         r  bd_0_i/hls_inst/U0/regslice_both_s_axis_video_V_id_V_U/obuf_inst/odata_int_reg[0]/D
  -------------------------------------------------------------------    -------------------

                         (clock ap_clk rise edge)     0.000     0.000 r  
                                                      0.000     0.000 r  ap_clk (IN)
                         net (fo=87, unset)           0.298     0.298    bd_0_i/hls_inst/U0/regslice_both_s_axis_video_V_id_V_U/obuf_inst/ap_clk
    SLICE_X50Y84         FDRE                                         r  bd_0_i/hls_inst/U0/regslice_both_s_axis_video_V_id_V_U/obuf_inst/odata_int_reg[0]/C
                         clock pessimism              0.000     0.298    
    SLICE_X50Y84         FDRE (Hold_fdre_C_D)         0.087     0.385    bd_0_i/hls_inst/U0/regslice_both_s_axis_video_V_id_V_U/obuf_inst/odata_int_reg[0]
  -------------------------------------------------------------------
                         required time                         -0.385    
                         arrival time                           0.506    
  -------------------------------------------------------------------
                         slack                                  0.121    

Slack (MET) :             0.134ns  (arrival time - required time)
  Source:                 bd_0_i/hls_inst/U0/regslice_both_s_axis_video_V_last_V_U/ibuf_inst/ireg_reg[0]/C
                            (rising edge-triggered cell FDRE clocked by ap_clk  {rise@0.000ns fall@5.000ns period=10.000ns})
  Destination:            bd_0_i/hls_inst/U0/regslice_both_s_axis_video_V_last_V_U/obuf_inst/odata_int_reg[0]/D
                            (rising edge-triggered cell FDRE clocked by ap_clk  {rise@0.000ns fall@5.000ns period=10.000ns})
  Path Group:             ap_clk
  Path Type:              Hold (Min at Fast Process Corner)
  Requirement:            0.000ns  (ap_clk rise@0.000ns - ap_clk rise@0.000ns)
  Data Path Delay:        0.208ns  (logic 0.146ns (70.030%)  route 0.062ns (29.971%))
  Logic Levels:           1  (LUT5=1)
  Clock Path Skew:        0.015ns (DCD - SCD - CPR)
    Destination Clock Delay (DCD):    0.298ns
    Source Clock Delay      (SCD):    0.283ns
    Clock Pessimism Removal (CPR):    -0.000ns

    Location             Delay type                Incr(ns)  Path(ns)    Netlist Resource(s)
  -------------------------------------------------------------------    -------------------
                         (clock ap_clk rise edge)     0.000     0.000 r  
                                                      0.000     0.000 r  ap_clk (IN)
                         net (fo=87, unset)           0.283     0.283    bd_0_i/hls_inst/U0/regslice_both_s_axis_video_V_last_V_U/ibuf_inst/ap_clk
    SLICE_X48Y83         FDRE                                         r  bd_0_i/hls_inst/U0/regslice_both_s_axis_video_V_last_V_U/ibuf_inst/ireg_reg[0]/C
  -------------------------------------------------------------------    -------------------
    SLICE_X48Y83         FDRE (Prop_fdre_C_Q)         0.118     0.401 r  bd_0_i/hls_inst/U0/regslice_both_s_axis_video_V_last_V_U/ibuf_inst/ireg_reg[0]/Q
                         net (fo=2, routed)           0.062     0.464    bd_0_i/hls_inst/U0/regslice_both_s_axis_video_V_last_V_U/obuf_inst/odata_int_reg[0]_2
    SLICE_X49Y83         LUT5 (Prop_lut5_I0_O)        0.028     0.492 r  bd_0_i/hls_inst/U0/regslice_both_s_axis_video_V_last_V_U/obuf_inst/odata_int[0]_i_1/O
                         net (fo=1, routed)           0.000     0.492    bd_0_i/hls_inst/U0/regslice_both_s_axis_video_V_last_V_U/obuf_inst/odata_int[0]_i_1_n_0
    SLICE_X49Y83         FDRE                                         r  bd_0_i/hls_inst/U0/regslice_both_s_axis_video_V_last_V_U/obuf_inst/odata_int_reg[0]/D
  -------------------------------------------------------------------    -------------------

                         (clock ap_clk rise edge)     0.000     0.000 r  
                                                      0.000     0.000 r  ap_clk (IN)
                         net (fo=87, unset)           0.298     0.298    bd_0_i/hls_inst/U0/regslice_both_s_axis_video_V_last_V_U/obuf_inst/ap_clk
    SLICE_X49Y83         FDRE                                         r  bd_0_i/hls_inst/U0/regslice_both_s_axis_video_V_last_V_U/obuf_inst/odata_int_reg[0]/C
                         clock pessimism              0.000     0.298    
    SLICE_X49Y83         FDRE (Hold_fdre_C_D)         0.060     0.358    bd_0_i/hls_inst/U0/regslice_both_s_axis_video_V_last_V_U/obuf_inst/odata_int_reg[0]
  -------------------------------------------------------------------
                         required time                         -0.358    
                         arrival time                           0.492    
  -------------------------------------------------------------------
                         slack                                  0.134    





Pulse Width Checks
--------------------------------------------------------------------------------------
Clock Name:         ap_clk
Waveform(ns):       { 0.000 5.000 }
Period(ns):         10.000
Sources:            { ap_clk }

Check Type        Corner  Lib Pin  Reference Pin  Required(ns)  Actual(ns)  Slack(ns)  Location      Pin
Min Period        n/a     FDRE/C   n/a            0.750         10.000      9.250      SLICE_X53Y85  bd_0_i/hls_inst/U0/ap_CS_fsm_reg[1]/C
Min Period        n/a     FDRE/C   n/a            0.750         10.000      9.250      SLICE_X54Y86  bd_0_i/hls_inst/U0/regslice_both_m_axis_video_V_data_V_U/ibuf_inst/ireg_reg[1]/C
Min Period        n/a     FDRE/C   n/a            0.750         10.000      9.250      SLICE_X54Y87  bd_0_i/hls_inst/U0/regslice_both_m_axis_video_V_data_V_U/ibuf_inst/ireg_reg[3]/C
Min Period        n/a     FDRE/C   n/a            0.750         10.000      9.250      SLICE_X54Y87  bd_0_i/hls_inst/U0/regslice_both_m_axis_video_V_data_V_U/ibuf_inst/ireg_reg[5]/C
Min Period        n/a     FDRE/C   n/a            0.750         10.000      9.250      SLICE_X54Y87  bd_0_i/hls_inst/U0/regslice_both_m_axis_video_V_data_V_U/ibuf_inst/ireg_reg[7]/C
Min Period        n/a     FDRE/C   n/a            0.750         10.000      9.250      SLICE_X54Y85  bd_0_i/hls_inst/U0/regslice_both_m_axis_video_V_data_V_U/obuf_inst/odata_int_reg[8]/C
Min Period        n/a     FDRE/C   n/a            0.750         10.000      9.250      SLICE_X48Y85  bd_0_i/hls_inst/U0/regslice_both_m_axis_video_V_id_V_U/obuf_inst/odata_int_reg[1]/C
Min Period        n/a     FDRE/C   n/a            0.750         10.000      9.250      SLICE_X48Y82  bd_0_i/hls_inst/U0/regslice_both_m_axis_video_V_last_V_U/obuf_inst/odata_int_reg[1]/C
Min Period        n/a     FDRE/C   n/a            0.750         10.000      9.250      SLICE_X51Y82  bd_0_i/hls_inst/U0/regslice_both_m_axis_video_V_strb_V_U/obuf_inst/odata_int_reg[1]/C
Min Period        n/a     FDRE/C   n/a            0.750         10.000      9.250      SLICE_X52Y82  bd_0_i/hls_inst/U0/regslice_both_m_axis_video_V_user_V_U/obuf_inst/odata_int_reg[1]/C
Low Pulse Width   Fast    FDRE/C   n/a            0.400         5.000       4.600      SLICE_X53Y85  bd_0_i/hls_inst/U0/ap_CS_fsm_reg[1]/C
Low Pulse Width   Fast    FDRE/C   n/a            0.400         5.000       4.600      SLICE_X54Y86  bd_0_i/hls_inst/U0/regslice_both_m_axis_video_V_data_V_U/ibuf_inst/ireg_reg[1]/C
Low Pulse Width   Fast    FDRE/C   n/a            0.400         5.000       4.600      SLICE_X54Y87  bd_0_i/hls_inst/U0/regslice_both_m_axis_video_V_data_V_U/ibuf_inst/ireg_reg[3]/C
Low Pulse Width   Fast    FDRE/C   n/a            0.400         5.000       4.600      SLICE_X54Y87  bd_0_i/hls_inst/U0/regslice_both_m_axis_video_V_data_V_U/ibuf_inst/ireg_reg[5]/C
Low Pulse Width   Fast    FDRE/C   n/a            0.400         5.000       4.600      SLICE_X54Y87  bd_0_i/hls_inst/U0/regslice_both_m_axis_video_V_data_V_U/ibuf_inst/ireg_reg[7]/C
Low Pulse Width   Fast    FDRE/C   n/a            0.400         5.000       4.600      SLICE_X54Y85  bd_0_i/hls_inst/U0/regslice_both_m_axis_video_V_data_V_U/obuf_inst/odata_int_reg[8]/C
Low Pulse Width   Fast    FDRE/C   n/a            0.400         5.000       4.600      SLICE_X48Y85  bd_0_i/hls_inst/U0/regslice_both_m_axis_video_V_id_V_U/obuf_inst/odata_int_reg[1]/C
Low Pulse Width   Fast    FDRE/C   n/a            0.400         5.000       4.600      SLICE_X48Y82  bd_0_i/hls_inst/U0/regslice_both_m_axis_video_V_last_V_U/obuf_inst/odata_int_reg[1]/C
Low Pulse Width   Fast    FDRE/C   n/a            0.400         5.000       4.600      SLICE_X51Y82  bd_0_i/hls_inst/U0/regslice_both_m_axis_video_V_strb_V_U/obuf_inst/odata_int_reg[1]/C
Low Pulse Width   Fast    FDRE/C   n/a            0.400         5.000       4.600      SLICE_X52Y82  bd_0_i/hls_inst/U0/regslice_both_m_axis_video_V_user_V_U/obuf_inst/odata_int_reg[1]/C
High Pulse Width  Slow    FDSE/C   n/a            0.350         5.000       4.650      SLICE_X53Y85  bd_0_i/hls_inst/U0/ap_CS_fsm_reg[0]/C
High Pulse Width  Slow    FDRE/C   n/a            0.350         5.000       4.650      SLICE_X53Y85  bd_0_i/hls_inst/U0/ap_CS_fsm_reg[1]/C
High Pulse Width  Slow    FDRE/C   n/a            0.350         5.000       4.650      SLICE_X52Y85  bd_0_i/hls_inst/U0/regslice_both_m_axis_video_V_data_V_U/count_reg[0]/C
High Pulse Width  Slow    FDRE/C   n/a            0.350         5.000       4.650      SLICE_X53Y85  bd_0_i/hls_inst/U0/regslice_both_m_axis_video_V_data_V_U/count_reg[1]/C
High Pulse Width  Slow    FDRE/C   n/a            0.350         5.000       4.650      SLICE_X54Y86  bd_0_i/hls_inst/U0/regslice_both_m_axis_video_V_data_V_U/ibuf_inst/ireg_reg[0]/C
High Pulse Width  Slow    FDRE/C   n/a            0.350         5.000       4.650      SLICE_X54Y86  bd_0_i/hls_inst/U0/regslice_both_m_axis_video_V_data_V_U/ibuf_inst/ireg_reg[1]/C
High Pulse Width  Slow    FDRE/C   n/a            0.350         5.000       4.650      SLICE_X54Y87  bd_0_i/hls_inst/U0/regslice_both_m_axis_video_V_data_V_U/ibuf_inst/ireg_reg[2]/C
High Pulse Width  Slow    FDRE/C   n/a            0.350         5.000       4.650      SLICE_X54Y87  bd_0_i/hls_inst/U0/regslice_both_m_axis_video_V_data_V_U/ibuf_inst/ireg_reg[3]/C
High Pulse Width  Slow    FDRE/C   n/a            0.350         5.000       4.650      SLICE_X54Y87  bd_0_i/hls_inst/U0/regslice_both_m_axis_video_V_data_V_U/ibuf_inst/ireg_reg[4]/C
High Pulse Width  Slow    FDRE/C   n/a            0.350         5.000       4.650      SLICE_X54Y87  bd_0_i/hls_inst/U0/regslice_both_m_axis_video_V_data_V_U/ibuf_inst/ireg_reg[5]/C



