INFO: [HLS 200-10] Running 'C:/Xilinx/Vivado/2019.2/bin/unwrapped/win64.o/vivado_hls.exe'
INFO: [HLS 200-10] For user 'ap576391' on host 'gs21-06' (Windows NT_amd64 version 6.2) on Wed Nov 08 11:56:43 +0100 2023
INFO: [HLS 200-10] In directory 'C:/Users/ap576391/Documents/TP_DUBOIS/ip_repo'
Sourcing Tcl script 'C:/Users/ap576391/Documents/TP_DUBOIS/ip_repo/inverter/solution1/export.tcl'
INFO: [HLS 200-10] Opening project 'C:/Users/ap576391/Documents/TP_DUBOIS/ip_repo/inverter'.
INFO: [HLS 200-10] Opening solution 'C:/Users/ap576391/Documents/TP_DUBOIS/ip_repo/inverter/solution1'.
INFO: [SYN 201-201] Setting up clock 'default' with a period of 10ns.
INFO: [HLS 200-10] Setting target device to 'xc7z020-clg484-1'
INFO: [IMPL 213-8] Exporting RTL as a Vivado IP.

****** Vivado v2019.2 (64-bit)
  **** SW Build 2708876 on Wed Nov  6 21:40:23 MST 2019
  **** IP Build 2700528 on Thu Nov  7 00:09:20 MST 2019
    ** Copyright 1986-2019 Xilinx, Inc. All Rights Reserved.

source run_ippack.tcl -notrace
bad lexical cast: source type value could not be interpreted as target
    while executing
"rdi::set_property core_revision 2311081156 {component component_1}"
    invoked from within
"set_property core_revision $Revision $core"
    (file "run_ippack.tcl" line 888)
INFO: [Common 17-206] Exiting Vivado at Wed Nov  8 11:56:52 2023...
ERROR: [IMPL 213-28] Failed to generate IP.
command 'ap_source' returned error code
    while executing
"source C:/Users/ap576391/Documents/TP_DUBOIS/ip_repo/inverter/solution1/export.tcl"
    invoked from within
"hls::main C:/Users/ap576391/Documents/TP_DUBOIS/ip_repo/inverter/solution1/export.tcl"
    ("uplevel" body line 1)
    invoked from within
"uplevel 1 hls::main {*}$args"
    (procedure "hls_proc" line 5)
    invoked from within
"hls_proc $argv"
