Copyright 1986-2019 Xilinx, Inc. All Rights Reserved.
-------------------------------------------------------------------------------------
| Tool Version : Vivado v.2019.2 (win64) Build 2708876 Wed Nov  6 21:40:23 MST 2019
| Date         : Wed Nov  8 09:48:14 2023
| Host         : gs21-09 running 64-bit major release  (build 9200)
| Command      : report_timing_summary -file ./report/inverter_hls_timing_routed.rpt
| Design       : bd_0_wrapper
| Device       : 7vx485t-ffg1157
| Speed File   : -1  PRODUCTION 1.12 2014-09-11
-------------------------------------------------------------------------------------

Timing Summary Report

------------------------------------------------------------------------------------------------
| Timer Settings
| --------------
------------------------------------------------------------------------------------------------

  Enable Multi Corner Analysis               :  Yes
  Enable Pessimism Removal                   :  Yes
  Pessimism Removal Resolution               :  Nearest Common Node
  Enable Input Delay Default Clock           :  No
  Enable Preset / Clear Arcs                 :  No
  Disable Flight Delays                      :  No
  Ignore I/O Paths                           :  No
  Timing Early Launch at Borrowing Latches   :  No
  Borrow Time for Max Delay Exceptions       :  Yes
  Merge Timing Exceptions                    :  Yes

  Corner  Analyze    Analyze    
  Name    Max Paths  Min Paths  
  ------  ---------  ---------  
  Slow    Yes        Yes        
  Fast    Yes        Yes        



check_timing report

Table of Contents
-----------------
1. checking no_clock
2. checking constant_clock
3. checking pulse_width_clock
4. checking unconstrained_internal_endpoints
5. checking no_input_delay
6. checking no_output_delay
7. checking multiple_clock
8. checking generated_clocks
9. checking loops
10. checking partial_input_delay
11. checking partial_output_delay
12. checking latch_loops

1. checking no_clock
--------------------
 There are 0 register/latch pins with no clock.


2. checking constant_clock
--------------------------
 There are 0 register/latch pins with constant_clock.


3. checking pulse_width_clock
-----------------------------
 There are 0 register/latch pins which need pulse_width check


4. checking unconstrained_internal_endpoints
--------------------------------------------
 There are 0 pins that are not constrained for maximum delay.

 There are 0 pins that are not constrained for maximum delay due to constant clock.


5. checking no_input_delay
--------------------------
 There are 19 input ports with no input delay specified. (HIGH)

 There are 0 input ports with no input delay but user has a false path constraint.


6. checking no_output_delay
---------------------------
 There are 19 ports with no output delay specified. (HIGH)

 There are 0 ports with no output delay but user has a false path constraint

 There are 0 ports with no output delay but with a timing clock defined on it or propagating through it


7. checking multiple_clock
--------------------------
 There are 0 register/latch pins with multiple clocks.


8. checking generated_clocks
----------------------------
 There are 0 generated clocks that are not connected to a clock source.


9. checking loops
-----------------
 There are 0 combinational loops in the design.


10. checking partial_input_delay
--------------------------------
 There are 0 input ports with partial input delay specified.


11. checking partial_output_delay
---------------------------------
 There are 0 ports with partial output delay specified.


12. checking latch_loops
------------------------
 There are 0 combinational latch loops in the design through latch input



------------------------------------------------------------------------------------------------
| Design Timing Summary
| ---------------------
------------------------------------------------------------------------------------------------

    WNS(ns)      TNS(ns)  TNS Failing Endpoints  TNS Total Endpoints      WHS(ns)      THS(ns)  THS Failing Endpoints  THS Total Endpoints     WPWS(ns)     TPWS(ns)  TPWS Failing Endpoints  TPWS Total Endpoints  
    -------      -------  ---------------------  -------------------      -------      -------  ---------------------  -------------------     --------     --------  ----------------------  --------------------  
      7.069        0.000                      0                  133        0.092        0.000                      0                  133        4.600        0.000                       0                    88  


All user specified timing constraints are met.


------------------------------------------------------------------------------------------------
| Clock Summary
| -------------
------------------------------------------------------------------------------------------------

Clock   Waveform(ns)       Period(ns)      Frequency(MHz)
-----   ------------       ----------      --------------
ap_clk  {0.000 5.000}      10.000          100.000         


------------------------------------------------------------------------------------------------
| Intra Clock Table
| -----------------
------------------------------------------------------------------------------------------------

Clock             WNS(ns)      TNS(ns)  TNS Failing Endpoints  TNS Total Endpoints      WHS(ns)      THS(ns)  THS Failing Endpoints  THS Total Endpoints     WPWS(ns)     TPWS(ns)  TPWS Failing Endpoints  TPWS Total Endpoints  
-----             -------      -------  ---------------------  -------------------      -------      -------  ---------------------  -------------------     --------     --------  ----------------------  --------------------  
ap_clk              7.069        0.000                      0                  133        0.092        0.000                      0                  133        4.600        0.000                       0                    88  


------------------------------------------------------------------------------------------------
| Inter Clock Table
| -----------------
------------------------------------------------------------------------------------------------

From Clock    To Clock          WNS(ns)      TNS(ns)  TNS Failing Endpoints  TNS Total Endpoints      WHS(ns)      THS(ns)  THS Failing Endpoints  THS Total Endpoints  
----------    --------          -------      -------  ---------------------  -------------------      -------      -------  ---------------------  -------------------  


------------------------------------------------------------------------------------------------
| Other Path Groups Table
| -----------------------
------------------------------------------------------------------------------------------------

Path Group    From Clock    To Clock          WNS(ns)      TNS(ns)  TNS Failing Endpoints  TNS Total Endpoints      WHS(ns)      THS(ns)  THS Failing Endpoints  THS Total Endpoints  
----------    ----------    --------          -------      -------  ---------------------  -------------------      -------      -------  ---------------------  -------------------  


------------------------------------------------------------------------------------------------
| Timing Details
| --------------
------------------------------------------------------------------------------------------------


---------------------------------------------------------------------------------------------------
From Clock:  ap_clk
  To Clock:  ap_clk

Setup :            0  Failing Endpoints,  Worst Slack        7.069ns,  Total Violation        0.000ns
Hold  :            0  Failing Endpoints,  Worst Slack        0.092ns,  Total Violation        0.000ns
PW    :            0  Failing Endpoints,  Worst Slack        4.600ns,  Total Violation        0.000ns
---------------------------------------------------------------------------------------------------


Max Delay Paths
--------------------------------------------------------------------------------------
Slack (MET) :             7.069ns  (required time - arrival time)
  Source:                 bd_0_i/hls_inst/U0/regslice_both_s_axis_video_V_data_V_U/obuf_inst/odata_int_reg[8]/C
                            (rising edge-triggered cell FDRE clocked by ap_clk  {rise@0.000ns fall@5.000ns period=10.000ns})
  Destination:            bd_0_i/hls_inst/U0/regslice_both_m_axis_video_V_last_V_U/obuf_inst/odata_int_reg[1]/D
                            (rising edge-triggered cell FDRE clocked by ap_clk  {rise@0.000ns fall@5.000ns period=10.000ns})
  Path Group:             ap_clk
  Path Type:              Setup (Max at Slow Process Corner)
  Requirement:            10.000ns  (ap_clk rise@10.000ns - ap_clk rise@0.000ns)
  Data Path Delay:        2.741ns  (logic 0.469ns (17.111%)  route 2.272ns (82.889%))
  Logic Levels:           2  (LUT4=1 LUT5=1)
  Clock Path Skew:        -0.034ns (DCD - SCD + CPR)
    Destination Clock Delay (DCD):    0.638ns = ( 10.638 - 10.000 ) 
    Source Clock Delay      (SCD):    0.672ns
    Clock Pessimism Removal (CPR):    0.000ns
  Clock Uncertainty:      0.035ns  ((TSJ^2 + TIJ^2)^1/2 + DJ) / 2 + PE
    Total System Jitter     (TSJ):    0.071ns
    Total Input Jitter      (TIJ):    0.000ns
    Discrete Jitter          (DJ):    0.000ns
    Phase Error              (PE):    0.000ns

    Location             Delay type                Incr(ns)  Path(ns)    Netlist Resource(s)
  -------------------------------------------------------------------    -------------------
                         (clock ap_clk rise edge)     0.000     0.000 r  
                                                      0.000     0.000 r  ap_clk (IN)
                         net (fo=87, unset)           0.672     0.672    bd_0_i/hls_inst/U0/regslice_both_s_axis_video_V_data_V_U/obuf_inst/ap_clk
    SLICE_X53Y87         FDRE                                         r  bd_0_i/hls_inst/U0/regslice_both_s_axis_video_V_data_V_U/obuf_inst/odata_int_reg[8]/C
  -------------------------------------------------------------------    -------------------
    SLICE_X53Y87         FDRE (Prop_fdre_C_Q)         0.246     0.918 r  bd_0_i/hls_inst/U0/regslice_both_s_axis_video_V_data_V_U/obuf_inst/odata_int_reg[8]/Q
                         net (fo=13, routed)          0.595     1.513    bd_0_i/hls_inst/U0/regslice_both_s_axis_video_V_data_V_U/obuf_inst/odata_int_reg[8]_0[7]
    SLICE_X52Y86         LUT5 (Prop_lut5_I2_O)        0.158     1.671 r  bd_0_i/hls_inst/U0/regslice_both_s_axis_video_V_data_V_U/obuf_inst/ireg[8]_i_3/O
                         net (fo=33, routed)          1.247     2.918    bd_0_i/hls_inst/U0/regslice_both_m_axis_video_V_last_V_U/obuf_inst/vld_in
    SLICE_X48Y82         LUT4 (Prop_lut4_I0_O)        0.065     2.983 r  bd_0_i/hls_inst/U0/regslice_both_m_axis_video_V_last_V_U/obuf_inst/odata_int[1]_i_1/O
                         net (fo=1, routed)           0.430     3.413    bd_0_i/hls_inst/U0/regslice_both_m_axis_video_V_last_V_U/obuf_inst/odata_int[1]_i_1_n_0
    SLICE_X48Y82         FDRE                                         r  bd_0_i/hls_inst/U0/regslice_both_m_axis_video_V_last_V_U/obuf_inst/odata_int_reg[1]/D
  -------------------------------------------------------------------    -------------------

                         (clock ap_clk rise edge)    10.000    10.000 r  
                                                      0.000    10.000 r  ap_clk (IN)
                         net (fo=87, unset)           0.638    10.638    bd_0_i/hls_inst/U0/regslice_both_m_axis_video_V_last_V_U/obuf_inst/ap_clk
    SLICE_X48Y82         FDRE                                         r  bd_0_i/hls_inst/U0/regslice_both_m_axis_video_V_last_V_U/obuf_inst/odata_int_reg[1]/C
                         clock pessimism              0.000    10.638    
                         clock uncertainty           -0.035    10.603    
    SLICE_X48Y82         FDRE (Setup_fdre_C_D)       -0.121    10.482    bd_0_i/hls_inst/U0/regslice_both_m_axis_video_V_last_V_U/obuf_inst/odata_int_reg[1]
  -------------------------------------------------------------------
                         required time                         10.482    
                         arrival time                          -3.413    
  -------------------------------------------------------------------
                         slack                                  7.069    





Min Delay Paths
--------------------------------------------------------------------------------------
Slack (MET) :             0.092ns  (arrival time - required time)
  Source:                 bd_0_i/hls_inst/U0/regslice_both_s_axis_video_V_id_V_U/ibuf_inst/ireg_reg[1]/C
                            (rising edge-triggered cell FDRE clocked by ap_clk  {rise@0.000ns fall@5.000ns period=10.000ns})
  Destination:            bd_0_i/hls_inst/U0/regslice_both_s_axis_video_V_id_V_U/obuf_inst/odata_int_reg[1]/D
                            (rising edge-triggered cell FDRE clocked by ap_clk  {rise@0.000ns fall@5.000ns period=10.000ns})
  Path Group:             ap_clk
  Path Type:              Hold (Min at Fast Process Corner)
  Requirement:            0.000ns  (ap_clk rise@0.000ns - ap_clk rise@0.000ns)
  Data Path Delay:        0.193ns  (logic 0.128ns (66.155%)  route 0.065ns (33.845%))
  Logic Levels:           1  (LUT4=1)
  Clock Path Skew:        0.015ns (DCD - SCD - CPR)
    Destination Clock Delay (DCD):    0.298ns
    Source Clock Delay      (SCD):    0.283ns
    Clock Pessimism Removal (CPR):    -0.000ns

    Location             Delay type                Incr(ns)  Path(ns)    Netlist Resource(s)
  -------------------------------------------------------------------    -------------------
                         (clock ap_clk rise edge)     0.000     0.000 r  
                                                      0.000     0.000 r  ap_clk (IN)
                         net (fo=87, unset)           0.283     0.283    bd_0_i/hls_inst/U0/regslice_both_s_axis_video_V_id_V_U/ibuf_inst/ap_clk
    SLICE_X51Y84         FDRE                                         r  bd_0_i/hls_inst/U0/regslice_both_s_axis_video_V_id_V_U/ibuf_inst/ireg_reg[1]/C
  -------------------------------------------------------------------    -------------------
    SLICE_X51Y84         FDRE (Prop_fdre_C_Q)         0.100     0.383 r  bd_0_i/hls_inst/U0/regslice_both_s_axis_video_V_id_V_U/ibuf_inst/ireg_reg[1]/Q
                         net (fo=4, routed)           0.065     0.449    bd_0_i/hls_inst/U0/regslice_both_s_axis_video_V_id_V_U/obuf_inst/p_0_in
    SLICE_X50Y84         LUT4 (Prop_lut4_I1_O)        0.028     0.477 r  bd_0_i/hls_inst/U0/regslice_both_s_axis_video_V_id_V_U/obuf_inst/odata_int[1]_i_1/O
                         net (fo=1, routed)           0.000     0.477    bd_0_i/hls_inst/U0/regslice_both_s_axis_video_V_id_V_U/obuf_inst/odata_int[1]_i_1_n_0
    SLICE_X50Y84         FDRE                                         r  bd_0_i/hls_inst/U0/regslice_both_s_axis_video_V_id_V_U/obuf_inst/odata_int_reg[1]/D
  -------------------------------------------------------------------    -------------------

                         (clock ap_clk rise edge)     0.000     0.000 r  
                                                      0.000     0.000 r  ap_clk (IN)
                         net (fo=87, unset)           0.298     0.298    bd_0_i/hls_inst/U0/regslice_both_s_axis_video_V_id_V_U/obuf_inst/ap_clk
    SLICE_X50Y84         FDRE                                         r  bd_0_i/hls_inst/U0/regslice_both_s_axis_video_V_id_V_U/obuf_inst/odata_int_reg[1]/C
                         clock pessimism              0.000     0.298    
    SLICE_X50Y84         FDRE (Hold_fdre_C_D)         0.087     0.385    bd_0_i/hls_inst/U0/regslice_both_s_axis_video_V_id_V_U/obuf_inst/odata_int_reg[1]
  -------------------------------------------------------------------
                         required time                         -0.385    
                         arrival time                           0.477    
  -------------------------------------------------------------------
                         slack                                  0.092    





Pulse Width Checks
--------------------------------------------------------------------------------------
Clock Name:         ap_clk
Waveform(ns):       { 0.000 5.000 }
Period(ns):         10.000
Sources:            { ap_clk }

Check Type        Corner  Lib Pin  Reference Pin  Required(ns)  Actual(ns)  Slack(ns)  Location      Pin
Min Period        n/a     FDRE/C   n/a            0.750         10.000      9.250      SLICE_X53Y85  bd_0_i/hls_inst/U0/ap_CS_fsm_reg[1]/C
Low Pulse Width   Fast    FDRE/C   n/a            0.400         5.000       4.600      SLICE_X53Y85  bd_0_i/hls_inst/U0/ap_CS_fsm_reg[1]/C
High Pulse Width  Slow    FDSE/C   n/a            0.350         5.000       4.650      SLICE_X53Y85  bd_0_i/hls_inst/U0/ap_CS_fsm_reg[0]/C



