

================================================================
== Vivado HLS Report for 'inverter'
================================================================
* Date:           Tue Nov 21 08:07:56 2023

* Version:        2019.2 (Build 2704478 on Wed Nov 06 22:10:23 MST 2019)
* Project:        inverter
* Solution:       solution1
* Product family: zynq
* Target device:  xc7z020-clg484-1


================================================================
== Performance Estimates
================================================================
+ Timing: 
    * Summary: 
    +--------+----------+----------+------------+
    |  Clock |  Target  | Estimated| Uncertainty|
    +--------+----------+----------+------------+
    |ap_clk  | 10.00 ns | 1.248 ns |   1.25 ns  |
    +--------+----------+----------+------------+

+ Latency: 
    * Summary: 
    +---------+---------+-----------+-----------+-----+-----+---------+
    |  Latency (cycles) |   Latency (absolute)  |  Interval | Pipeline|
    |   min   |   max   |    min    |    max    | min | max |   Type  |
    +---------+---------+-----------+-----------+-----+-----+---------+
    |        1|        1| 10.000 ns | 10.000 ns |    1|    1|   none  |
    +---------+---------+-----------+-----------+-----+-----+---------+

    + Detail: 
        * Instance: 
        N/A

        * Loop: 
        N/A

============================================================
+ Verbose Summary: Synthesis Manager
============================================================
InlineROM: 1
ExposeGlobal: 0
============================================================
+ Verbose Summary: CDFG Model
============================================================
IsTopModel: 1
ResetActiveHigh: 1
IsCombinational: 0
IsDatapathOnly: 0
HasWiredReturn: 1
HasMFsm: 0
HasVarLatency: 1
IsPipeline: 0
IsRtlPipelined: 0
IsInstanceOverlapped: 0
IsDontTouch: 0
HasImplIP: 0
IsGatedGlobalClock: 0


============================================================
+ Verbose Summary: Schedule
============================================================
* Number of FSM states : 2
* Pipeline : 0
* Dataflow Pipeline: 0

* FSM state transitions: 
1 --> 2 
2 --> 

* FSM state operations: 

State 1 <SV = 0> <Delay = 1.24>
ST_1 : Operation 3 [1/1] (0.00ns)   --->   "%VidOrig_nVideoInv_V_s = call i1 @_ssdm_op_Read.ap_auto.i1(i1 %VidOrig_nVideoInv_V)"   --->   Operation 3 'read' 'VidOrig_nVideoInv_V_s' <Predicate = true> <Delay = 0.00>
ST_1 : Operation 4 [1/1] (0.00ns)   --->   "%empty = call { i8, i1, i1, i1, i1, i1, i1 } @_ssdm_op_Read.axis.volatile.i8P.i1P.i1P.i1P.i1P.i1P.i1P(i8* %s_axis_video_V_data_V, i1* %s_axis_video_V_keep_V, i1* %s_axis_video_V_strb_V, i1* %s_axis_video_V_user_V, i1* %s_axis_video_V_last_V, i1* %s_axis_video_V_id_V, i1* %s_axis_video_V_dest_V)" [inverter/inverter.cpp:12]   --->   Operation 4 'read' 'empty' <Predicate = true> <Delay = 0.00> <Core = "AXI4Stream">   --->   Core 5 'AXI4Stream' <Latency = 0> <II = 1> <Delay = 1.00> <Adapter> <Opcode : >
ST_1 : Operation 5 [1/1] (0.00ns)   --->   "%tmp_data_V = extractvalue { i8, i1, i1, i1, i1, i1, i1 } %empty, 0" [inverter/inverter.cpp:12]   --->   Operation 5 'extractvalue' 'tmp_data_V' <Predicate = true> <Delay = 0.00>
ST_1 : Operation 6 [1/1] (0.00ns)   --->   "%tmp_keep_V = extractvalue { i8, i1, i1, i1, i1, i1, i1 } %empty, 1" [inverter/inverter.cpp:12]   --->   Operation 6 'extractvalue' 'tmp_keep_V' <Predicate = true> <Delay = 0.00>
ST_1 : Operation 7 [1/1] (0.00ns)   --->   "%tmp_strb_V = extractvalue { i8, i1, i1, i1, i1, i1, i1 } %empty, 2" [inverter/inverter.cpp:12]   --->   Operation 7 'extractvalue' 'tmp_strb_V' <Predicate = true> <Delay = 0.00>
ST_1 : Operation 8 [1/1] (0.00ns)   --->   "%tmp_user_V = extractvalue { i8, i1, i1, i1, i1, i1, i1 } %empty, 3" [inverter/inverter.cpp:12]   --->   Operation 8 'extractvalue' 'tmp_user_V' <Predicate = true> <Delay = 0.00>
ST_1 : Operation 9 [1/1] (0.00ns)   --->   "%tmp_last_V = extractvalue { i8, i1, i1, i1, i1, i1, i1 } %empty, 4" [inverter/inverter.cpp:12]   --->   Operation 9 'extractvalue' 'tmp_last_V' <Predicate = true> <Delay = 0.00>
ST_1 : Operation 10 [1/1] (0.00ns)   --->   "%tmp_id_V = extractvalue { i8, i1, i1, i1, i1, i1, i1 } %empty, 5" [inverter/inverter.cpp:12]   --->   Operation 10 'extractvalue' 'tmp_id_V' <Predicate = true> <Delay = 0.00>
ST_1 : Operation 11 [1/1] (0.00ns)   --->   "%tmp_dest_V = extractvalue { i8, i1, i1, i1, i1, i1, i1 } %empty, 6" [inverter/inverter.cpp:12]   --->   Operation 11 'extractvalue' 'tmp_dest_V' <Predicate = true> <Delay = 0.00>
ST_1 : Operation 12 [1/1] (0.00ns) (grouped into LUT with out node tmp_data_V_1)   --->   "%xor_ln214 = xor i8 %tmp_data_V, -1" [inverter/inverter.cpp:14]   --->   Operation 12 'xor' 'xor_ln214' <Predicate = true> <Delay = 0.00> <Core = "LogicGate">   --->   Core 27 'LogicGate' <Latency = 0> <II = 1> <Delay = 0.99> <FuncUnit> <Opcode : 'and' 'or' 'xor'> <InPorts = 2> <OutPorts = 1>
ST_1 : Operation 13 [1/1] (1.24ns) (out node of the LUT)   --->   "%tmp_data_V_1 = select i1 %VidOrig_nVideoInv_V_s, i8 %xor_ln214, i8 %tmp_data_V" [inverter/inverter.cpp:13]   --->   Operation 13 'select' 'tmp_data_V_1' <Predicate = true> <Delay = 1.24> <Core = "Sel">   --->   Core 26 'Sel' <Latency = 0> <II = 1> <Delay = 1.24> <FuncUnit> <Opcode : 'select'> <InPorts = 3> <OutPorts = 1>
ST_1 : Operation 14 [2/2] (0.00ns)   --->   "call void @_ssdm_op_Write.axis.volatile.i8P.i1P.i1P.i1P.i1P.i1P.i1P(i8* %m_axis_video_V_data_V, i1* %m_axis_video_V_keep_V, i1* %m_axis_video_V_strb_V, i1* %m_axis_video_V_user_V, i1* %m_axis_video_V_last_V, i1* %m_axis_video_V_id_V, i1* %m_axis_video_V_dest_V, i8 %tmp_data_V_1, i1 %tmp_keep_V, i1 %tmp_strb_V, i1 %tmp_user_V, i1 %tmp_last_V, i1 %tmp_id_V, i1 %tmp_dest_V)" [inverter/inverter.cpp:16]   --->   Operation 14 'write' <Predicate = true> <Delay = 0.00> <Core = "AXI4Stream">   --->   Core 5 'AXI4Stream' <Latency = 0> <II = 1> <Delay = 1.00> <Adapter> <Opcode : >

State 2 <SV = 1> <Delay = 0.00>
ST_2 : Operation 15 [1/1] (0.00ns)   --->   "call void (...)* @_ssdm_op_SpecBitsMap(i8* %s_axis_video_V_data_V), !map !64"   --->   Operation 15 'specbitsmap' <Predicate = true> <Delay = 0.00>
ST_2 : Operation 16 [1/1] (0.00ns)   --->   "call void (...)* @_ssdm_op_SpecBitsMap(i1* %s_axis_video_V_keep_V), !map !68"   --->   Operation 16 'specbitsmap' <Predicate = true> <Delay = 0.00>
ST_2 : Operation 17 [1/1] (0.00ns)   --->   "call void (...)* @_ssdm_op_SpecBitsMap(i1* %s_axis_video_V_strb_V), !map !72"   --->   Operation 17 'specbitsmap' <Predicate = true> <Delay = 0.00>
ST_2 : Operation 18 [1/1] (0.00ns)   --->   "call void (...)* @_ssdm_op_SpecBitsMap(i1* %s_axis_video_V_user_V), !map !76"   --->   Operation 18 'specbitsmap' <Predicate = true> <Delay = 0.00>
ST_2 : Operation 19 [1/1] (0.00ns)   --->   "call void (...)* @_ssdm_op_SpecBitsMap(i1* %s_axis_video_V_last_V), !map !80"   --->   Operation 19 'specbitsmap' <Predicate = true> <Delay = 0.00>
ST_2 : Operation 20 [1/1] (0.00ns)   --->   "call void (...)* @_ssdm_op_SpecBitsMap(i1* %s_axis_video_V_id_V), !map !84"   --->   Operation 20 'specbitsmap' <Predicate = true> <Delay = 0.00>
ST_2 : Operation 21 [1/1] (0.00ns)   --->   "call void (...)* @_ssdm_op_SpecBitsMap(i1* %s_axis_video_V_dest_V), !map !88"   --->   Operation 21 'specbitsmap' <Predicate = true> <Delay = 0.00>
ST_2 : Operation 22 [1/1] (0.00ns)   --->   "call void (...)* @_ssdm_op_SpecBitsMap(i8* %m_axis_video_V_data_V), !map !92"   --->   Operation 22 'specbitsmap' <Predicate = true> <Delay = 0.00>
ST_2 : Operation 23 [1/1] (0.00ns)   --->   "call void (...)* @_ssdm_op_SpecBitsMap(i1* %m_axis_video_V_keep_V), !map !96"   --->   Operation 23 'specbitsmap' <Predicate = true> <Delay = 0.00>
ST_2 : Operation 24 [1/1] (0.00ns)   --->   "call void (...)* @_ssdm_op_SpecBitsMap(i1* %m_axis_video_V_strb_V), !map !100"   --->   Operation 24 'specbitsmap' <Predicate = true> <Delay = 0.00>
ST_2 : Operation 25 [1/1] (0.00ns)   --->   "call void (...)* @_ssdm_op_SpecBitsMap(i1* %m_axis_video_V_user_V), !map !104"   --->   Operation 25 'specbitsmap' <Predicate = true> <Delay = 0.00>
ST_2 : Operation 26 [1/1] (0.00ns)   --->   "call void (...)* @_ssdm_op_SpecBitsMap(i1* %m_axis_video_V_last_V), !map !108"   --->   Operation 26 'specbitsmap' <Predicate = true> <Delay = 0.00>
ST_2 : Operation 27 [1/1] (0.00ns)   --->   "call void (...)* @_ssdm_op_SpecBitsMap(i1* %m_axis_video_V_id_V), !map !112"   --->   Operation 27 'specbitsmap' <Predicate = true> <Delay = 0.00>
ST_2 : Operation 28 [1/1] (0.00ns)   --->   "call void (...)* @_ssdm_op_SpecBitsMap(i1* %m_axis_video_V_dest_V), !map !116"   --->   Operation 28 'specbitsmap' <Predicate = true> <Delay = 0.00>
ST_2 : Operation 29 [1/1] (0.00ns)   --->   "call void (...)* @_ssdm_op_SpecBitsMap(i1 %VidOrig_nVideoInv_V), !map !120"   --->   Operation 29 'specbitsmap' <Predicate = true> <Delay = 0.00>
ST_2 : Operation 30 [1/1] (0.00ns)   --->   "call void (...)* @_ssdm_op_SpecTopModule([9 x i8]* @inverter_str) nounwind"   --->   Operation 30 'spectopmodule' <Predicate = true> <Delay = 0.00>
ST_2 : Operation 31 [1/1] (0.00ns)   --->   "call void (...)* @_ssdm_op_SpecInterface(i32 0, [13 x i8]* @p_str, i32 0, i32 0, [1 x i8]* @p_str1, i32 0, i32 0, [1 x i8]* @p_str1, [1 x i8]* @p_str1, [1 x i8]* @p_str1, i32 0, i32 0, i32 0, i32 0, [1 x i8]* @p_str1, [1 x i8]* @p_str1) nounwind" [inverter/inverter.cpp:8]   --->   Operation 31 'specinterface' <Predicate = true> <Delay = 0.00>
ST_2 : Operation 32 [1/1] (0.00ns)   --->   "call void (...)* @_ssdm_op_SpecInterface(i8* %s_axis_video_V_data_V, i1* %s_axis_video_V_keep_V, i1* %s_axis_video_V_strb_V, i1* %s_axis_video_V_user_V, i1* %s_axis_video_V_last_V, i1* %s_axis_video_V_id_V, i1* %s_axis_video_V_dest_V, [5 x i8]* @p_str2, i32 1, i32 1, [5 x i8]* @p_str3, i32 0, i32 0, [1 x i8]* @p_str1, [1 x i8]* @p_str1, [1 x i8]* @p_str1, i32 0, i32 0, i32 0, i32 0, [1 x i8]* @p_str1, [1 x i8]* @p_str1) nounwind" [inverter/inverter.cpp:8]   --->   Operation 32 'specinterface' <Predicate = true> <Delay = 0.00>
ST_2 : Operation 33 [1/1] (0.00ns)   --->   "call void (...)* @_ssdm_op_SpecInterface(i8* %m_axis_video_V_data_V, i1* %m_axis_video_V_keep_V, i1* %m_axis_video_V_strb_V, i1* %m_axis_video_V_user_V, i1* %m_axis_video_V_last_V, i1* %m_axis_video_V_id_V, i1* %m_axis_video_V_dest_V, [5 x i8]* @p_str2, i32 1, i32 1, [5 x i8]* @p_str3, i32 0, i32 0, [1 x i8]* @p_str1, [1 x i8]* @p_str1, [1 x i8]* @p_str1, i32 0, i32 0, i32 0, i32 0, [1 x i8]* @p_str1, [1 x i8]* @p_str1) nounwind" [inverter/inverter.cpp:9]   --->   Operation 33 'specinterface' <Predicate = true> <Delay = 0.00>
ST_2 : Operation 34 [1/2] (0.00ns)   --->   "call void @_ssdm_op_Write.axis.volatile.i8P.i1P.i1P.i1P.i1P.i1P.i1P(i8* %m_axis_video_V_data_V, i1* %m_axis_video_V_keep_V, i1* %m_axis_video_V_strb_V, i1* %m_axis_video_V_user_V, i1* %m_axis_video_V_last_V, i1* %m_axis_video_V_id_V, i1* %m_axis_video_V_dest_V, i8 %tmp_data_V_1, i1 %tmp_keep_V, i1 %tmp_strb_V, i1 %tmp_user_V, i1 %tmp_last_V, i1 %tmp_id_V, i1 %tmp_dest_V)" [inverter/inverter.cpp:16]   --->   Operation 34 'write' <Predicate = true> <Delay = 0.00> <Core = "AXI4Stream">   --->   Core 5 'AXI4Stream' <Latency = 0> <II = 1> <Delay = 1.00> <Adapter> <Opcode : >
ST_2 : Operation 35 [1/1] (0.00ns)   --->   "ret void" [inverter/inverter.cpp:17]   --->   Operation 35 'ret' <Predicate = true> <Delay = 0.00>


============================================================
+ Verbose Summary: Timing violations
============================================================
Target clock period: 10ns, clock uncertainty: 1.25ns.

 <State 1>: 1.25ns
The critical path consists of the following:
	wire read on port 'VidOrig_nVideoInv_V' [32]  (0 ns)
	'select' operation ('tmp.data.V', inverter/inverter.cpp:13) [45]  (1.25 ns)

 <State 2>: 0ns
The critical path consists of the following:


============================================================
+ Verbose Summary: Binding
============================================================
N/A
* FSMD analyzer results:
  - Output states:
 - Input state : 
  - Chain level:
	State 1
	State 2


============================================================
+ Verbose Summary: Datapath Resource usage 
============================================================
N/A
